"../../../Engine/Content/EngineMaterials/T_Default_Material_Grid_M.ubulk" 0
"../../../Engine/Content/EngineMaterials/T_Default_Material_Grid_M.uasset" 1
"../../../Engine/Content/EngineMaterials/T_Default_Material_Grid_M.uexp" 2
"../../../Engine/Content/EngineMaterials/T_Default_Material_Grid_N.ubulk" 3
"../../../Engine/Content/EngineMaterials/T_Default_Material_Grid_N.uasset" 4
"../../../Engine/Content/EngineMaterials/T_Default_Material_Grid_N.uexp" 5
"../../../Engine/Content/Functions/Engine_MaterialFunctions01/Opacity/CameraDepthFade.uasset" 6
"../../../Engine/Content/Functions/Engine_MaterialFunctions01/Opacity/CameraDepthFade.uexp" 7
"../../../Engine/Content/EngineMaterials/WorldGridMaterial.uasset" 8
"../../../Engine/Content/EngineMaterials/WorldGridMaterial.uexp" 9
"../../../Engine/Content/BasicShapes/Plane.ubulk" 10
"../../../Engine/Content/BasicShapes/Plane.uasset" 11
"../../../Engine/Content/BasicShapes/Plane.uexp" 12
"../../../Engine/Content/EngineMaterials/DefaultMaterial.uasset" 13
"../../../Engine/Content/EngineMaterials/DefaultMaterial.uexp" 14
"../../../Engine/Content/BasicShapes/Cylinder.ubulk" 15
"../../../Engine/Content/BasicShapes/Cylinder.uasset" 16
"../../../Engine/Content/BasicShapes/Cylinder.uexp" 17
"../../../Engine/Content/BasicShapes/Cone.ubulk" 18
"../../../Engine/Content/BasicShapes/Cone.uasset" 19
"../../../Engine/Content/BasicShapes/Cone.uexp" 20
"../../../Engine/Content/ArtTools/RenderToTexture/Meshes/S_1_Unit_Plane.ubulk" 21
"../../../Engine/Content/ArtTools/RenderToTexture/Meshes/S_1_Unit_Plane.uasset" 22
"../../../Engine/Content/ArtTools/RenderToTexture/Meshes/S_1_Unit_Plane.uexp" 23
"../../../Engine/Content/Animation/DefaultAnimCurveCompressionSettings.uasset" 24
"../../../Engine/Content/Animation/DefaultAnimCurveCompressionSettings.uexp" 25
"../../../Engine/Content/Animation/DefaultAnimBoneCompressionSettings.uasset" 26
"../../../Engine/Content/Animation/DefaultAnimBoneCompressionSettings.uexp" 27
"../../../Engine/Content/EditorMaterials/PreviewShadowIndicator.ubulk" 28
"../../../Engine/Content/EditorMaterials/PreviewShadowIndicator.uasset" 29
"../../../Engine/Content/EditorMaterials/PreviewShadowIndicator.uexp" 30
"../../../Engine/Content/EditorMaterials/PreviewShadowIndicatorMaterial.uasset" 31
"../../../Engine/Content/EditorMaterials/PreviewShadowIndicatorMaterial.uexp" 32
"../../../Engine/Content/EditorMaterials/MAT_Groups_Visibility.uasset" 33
"../../../Engine/Content/EditorMaterials/MAT_Groups_Visibility.uexp" 34
"../../../Engine/Content/EditorMaterials/MAT_Groups_Toggle.uasset" 35
"../../../Engine/Content/EditorMaterials/MAT_Groups_Toggle.uexp" 36
"../../../Engine/Content/EditorResources/S_TriggerSphere.uasset" 37
"../../../Engine/Content/EditorResources/S_TriggerSphere.uexp" 38
"../../../Engine/Content/EditorResources/S_TriggerCapsule.uasset" 39
"../../../Engine/Content/EditorResources/S_TriggerCapsule.uexp" 40
"../../../Engine/Content/EditorResources/S_TriggerBox.uasset" 41
"../../../Engine/Content/EditorResources/S_TriggerBox.uexp" 42
"../../../Engine/Content/EditorResources/S_Trigger.ubulk" 43
"../../../Engine/Content/EditorResources/S_Trigger.uasset" 44
"../../../Engine/Content/EditorResources/S_Trigger.uexp" 45
"../../../Engine/Content/EditorResources/S_Terrain.ubulk" 46
"../../../Engine/Content/EditorResources/S_Terrain.uasset" 47
"../../../Engine/Content/EditorResources/S_Terrain.uexp" 48
"../../../Engine/Content/EditorResources/S_Solver.ubulk" 49
"../../../Engine/Content/EditorResources/S_Solver.uasset" 50
"../../../Engine/Content/EditorResources/S_Solver.uexp" 51
"../../../Engine/Content/EditorResources/S_BoxReflectionCapture.uasset" 52
"../../../Engine/Content/EditorResources/S_BoxReflectionCapture.uexp" 53
"../../../Engine/Content/EditorResources/S_Actor.ubulk" 54
"../../../Engine/Content/EditorResources/S_Actor.uasset" 55
"../../../Engine/Content/EditorResources/S_Actor.uexp" 56
"../../../Engine/Content/EditorResources/EmptyActor.uasset" 57
"../../../Engine/Content/EditorResources/EmptyActor.uexp" 58
"../../../Engine/Content/EditorResources/BSPVertex.uasset" 59
"../../../Engine/Content/EditorResources/BSPVertex.uexp" 60
"../../../Engine/Content/EditorResources/SequenceRecorder/RecordingIndicator.uasset" 61
"../../../Engine/Content/EditorResources/SequenceRecorder/RecordingIndicator.uexp" 62
"../../../Engine/Content/EditorResources/SequenceRecorder/Countdown.uasset" 63
"../../../Engine/Content/EditorResources/SequenceRecorder/Countdown.uexp" 64
"../../../Engine/Content/EngineDamageTypes/DmgTypeBP_Environmental.uasset" 65
"../../../Engine/Content/EngineDamageTypes/DmgTypeBP_Environmental.uexp" 66
"../../../Engine/Content/EngineResources/GradientTexture0.uasset" 67
"../../../Engine/Content/EngineResources/GradientTexture0.uexp" 68
"../../../Engine/Content/EngineResources/DefaultVolumeTexture2D.uasset" 69
"../../../Engine/Content/EngineResources/DefaultVolumeTexture2D.uexp" 70
"../../../Engine/Content/EngineResources/DefaultVolumeTexture.uasset" 71
"../../../Engine/Content/EngineResources/DefaultVolumeTexture.uexp" 72
"../../../Engine/Content/EngineResources/DefaultTextureCube.uasset" 73
"../../../Engine/Content/EngineResources/DefaultTextureCube.uexp" 74
"../../../Engine/Content/EngineResources/DefaultTexture.ubulk" 75
"../../../Engine/Content/EngineResources/DefaultTexture.uasset" 76
"../../../Engine/Content/EngineResources/DefaultTexture.uexp" 77
"../../../Engine/Content/EngineResources/Black.uasset" 78
"../../../Engine/Content/EngineResources/Black.uexp" 79
"../../../Engine/Content/EngineSounds/Master.uasset" 80
"../../../Engine/Content/EngineSounds/Master.uexp" 81
"../../../Engine/Content/Functions/Engine_MaterialFunctions01/Shading/PowerToRoughness.uasset" 82
"../../../Engine/Content/Functions/Engine_MaterialFunctions01/Shading/PowerToRoughness.uexp" 83
"../../../Engine/Content/Functions/Engine_MaterialFunctions01/Shading/ConvertFromDiffSpec.uasset" 84
"../../../Engine/Content/Functions/Engine_MaterialFunctions01/Shading/ConvertFromDiffSpec.uexp" 85
"../../../Engine/Content/EngineSky/VolumetricClouds/CloudWeatherTexture.uasset" 86
"../../../Engine/Content/EngineSky/VolumetricClouds/CloudWeatherTexture.uexp" 87
"../../../Engine/Content/Functions/Engine_MaterialFunctions02/Utility/MakeFloat2.uasset" 88
"../../../Engine/Content/Functions/Engine_MaterialFunctions02/Utility/MakeFloat2.uexp" 89
"../../../Engine/Content/EngineSky/VolumetricClouds/CloudGradientTexture.uasset" 90
"../../../Engine/Content/EngineSky/VolumetricClouds/CloudGradientTexture.uexp" 91
"../../../Engine/Content/EngineSky/VolumetricClouds/T_NoiseShape64.ubulk" 92
"../../../Engine/Content/EngineSky/VolumetricClouds/T_NoiseShape64.uasset" 93
"../../../Engine/Content/EngineSky/VolumetricClouds/T_NoiseShape64.uexp" 94
"../../../Engine/Content/EngineSky/VolumetricClouds/T_VolumeNoiseShape64.uasset" 95
"../../../Engine/Content/EngineSky/VolumetricClouds/T_VolumeNoiseShape64.uexp" 96
"../../../Engine/Content/EngineSky/VolumetricClouds/T_NoiseErosion.ubulk" 97
"../../../Engine/Content/EngineSky/VolumetricClouds/T_NoiseErosion.uasset" 98
"../../../Engine/Content/EngineSky/VolumetricClouds/T_NoiseErosion.uexp" 99
"../../../Engine/Content/EngineSky/VolumetricClouds/T_VolumeNoiseErosion32.uasset" 100
"../../../Engine/Content/EngineSky/VolumetricClouds/T_VolumeNoiseErosion32.uexp" 101
"../../../Engine/Content/EngineSky/VolumetricClouds/m_SimpleVolumetricCloud.uasset" 102
"../../../Engine/Content/EngineSky/VolumetricClouds/m_SimpleVolumetricCloud.uexp" 103
"../../../Engine/Content/EngineSky/VolumetricClouds/m_SimpleVolumetricCloud_Inst.uasset" 104
"../../../Engine/Content/EngineSky/VolumetricClouds/m_SimpleVolumetricCloud_Inst.uexp" 105
"../../../Engine/Content/EngineResources/FilmGrains/Marcie_Grain_v3_128_M2_000.uasset" 106
"../../../Engine/Content/EngineResources/FilmGrains/Marcie_Grain_v3_128_M2_000.uexp" 107
"../../../Engine/Content/EngineResources/WhiteSquareTexture.uasset" 108
"../../../Engine/Content/EngineResources/WhiteSquareTexture.uexp" 109
"../../../Engine/Content/EngineMaterials/Widget3DPassThrough.uasset" 110
"../../../Engine/Content/EngineMaterials/Widget3DPassThrough.uexp" 111
"../../../Engine/Content/EngineMaterials/Widget3DPassThrough_Translucent.uasset" 112
"../../../Engine/Content/EngineMaterials/Widget3DPassThrough_Translucent.uexp" 113
"../../../Engine/Content/EngineMaterials/Widget3DPassThrough_Translucent_OneSided.uasset" 114
"../../../Engine/Content/EngineMaterials/Widget3DPassThrough_Translucent_OneSided.uexp" 115
"../../../Engine/Content/EngineMaterials/Widget3DPassThrough_Opaque.uasset" 116
"../../../Engine/Content/EngineMaterials/Widget3DPassThrough_Opaque.uexp" 117
"../../../Engine/Content/EngineMaterials/Widget3DPassThrough_Opaque_OneSided.uasset" 118
"../../../Engine/Content/EngineMaterials/Widget3DPassThrough_Opaque_OneSided.uexp" 119
"../../../Engine/Content/EngineMaterials/Widget3DPassThrough_Masked_OneSided.uasset" 120
"../../../Engine/Content/EngineMaterials/Widget3DPassThrough_Masked_OneSided.uexp" 121
"../../../Engine/Content/EngineMaterials/Widget3DPassThrough_Masked.uasset" 122
"../../../Engine/Content/EngineMaterials/Widget3DPassThrough_Masked.uexp" 123
"../../../Engine/Content/EngineMaterials/WeightMapPlaceholderTexture.uasset" 124
"../../../Engine/Content/EngineMaterials/WeightMapPlaceholderTexture.uexp" 125
"../../../Engine/Content/EngineMaterials/RemoveSurfaceMaterial.uasset" 126
"../../../Engine/Content/EngineMaterials/RemoveSurfaceMaterial.uexp" 127
"../../../Engine/Content/EngineMaterials/PreintegratedSkinBRDF.uasset" 128
"../../../Engine/Content/EngineMaterials/PreintegratedSkinBRDF.uexp" 129
"../../../Engine/Content/EngineMaterials/DefaultCalibrationGrayscale.uasset" 130
"../../../Engine/Content/EngineMaterials/DefaultCalibrationGrayscale.uexp" 131
"../../../Engine/Content/EngineMaterials/PPM_DefaultCalibrationGrayscale.uasset" 132
"../../../Engine/Content/EngineMaterials/PPM_DefaultCalibrationGrayscale.uexp" 133
"../../../Engine/Content/EngineMaterials/DefaultCalibrationColor.uasset" 134
"../../../Engine/Content/EngineMaterials/DefaultCalibrationColor.uexp" 135
"../../../Engine/Content/EngineMaterials/PPM_DefaultCalibrationColor.uasset" 136
"../../../Engine/Content/EngineMaterials/PPM_DefaultCalibrationColor.uexp" 137
"../../../Engine/Content/Functions/Engine_MaterialFunctions02/WorldPositionOffset/CameraOffset.uasset" 138
"../../../Engine/Content/Functions/Engine_MaterialFunctions02/WorldPositionOffset/CameraOffset.uexp" 139
"../../../Engine/Content/EngineMaterials/PhAT_JointLimitMaterial.uasset" 140
"../../../Engine/Content/EngineMaterials/PhAT_JointLimitMaterial.uexp" 141
"../../../Engine/Content/EngineMaterials/InvalidLightmapSettings.ubulk" 142
"../../../Engine/Content/EngineMaterials/InvalidLightmapSettings.uasset" 143
"../../../Engine/Content/EngineMaterials/InvalidLightmapSettings.uexp" 144
"../../../Engine/Content/EngineMaterials/M_InvalidLightmapSettings.uasset" 145
"../../../Engine/Content/EngineMaterials/M_InvalidLightmapSettings.uexp" 146
"../../../Engine/Content/EngineMaterials/MiniFont.uasset" 147
"../../../Engine/Content/EngineMaterials/MiniFont.uexp" 148
"../../../Engine/Content/EngineMaterials/Good64x64TilingNoiseHighFreq.uasset" 149
"../../../Engine/Content/EngineMaterials/Good64x64TilingNoiseHighFreq.uexp" 150
"../../../Engine/Content/EngineMaterials/GizmoMaterial.uasset" 151
"../../../Engine/Content/EngineMaterials/GizmoMaterial.uexp" 152
"../../../Engine/Content/EngineMaterials/BaseFlattenEmissiveMap_VT.uasset" 153
"../../../Engine/Content/EngineMaterials/BaseFlattenEmissiveMap_VT.uexp" 154
"../../../Engine/Content/EngineMaterials/BaseFlattenGrayscaleMap_VT.uasset" 155
"../../../Engine/Content/EngineMaterials/BaseFlattenGrayscaleMap_VT.uexp" 156
"../../../Engine/Content/EngineMaterials/BaseFlattenLinearColor_VT.uasset" 157
"../../../Engine/Content/EngineMaterials/BaseFlattenLinearColor_VT.uexp" 158
"../../../Engine/Content/EngineMaterials/Black_1x1_EXR_Texture_VT.uasset" 159
"../../../Engine/Content/EngineMaterials/Black_1x1_EXR_Texture_VT.uexp" 160
"../../../Engine/Content/EngineMaterials/BaseFlattenDiffuseMap_VT.uasset" 161
"../../../Engine/Content/EngineMaterials/BaseFlattenDiffuseMap_VT.uexp" 162
"../../../Engine/Content/EngineMaterials/BaseFlattenNormalMap_VT.uasset" 163
"../../../Engine/Content/EngineMaterials/BaseFlattenNormalMap_VT.uexp" 164
"../../../Engine/Content/EngineMaterials/FlattenMaterial_WS_Normal_VT.uasset" 165
"../../../Engine/Content/EngineMaterials/FlattenMaterial_WS_Normal_VT.uexp" 166
"../../../Engine/Content/EngineMaterials/FlattenMaterial_VT.uasset" 167
"../../../Engine/Content/EngineMaterials/FlattenMaterial_VT.uexp" 168
"../../../Engine/Content/EngineMaterials/BaseFlattenNormalMap.uasset" 169
"../../../Engine/Content/EngineMaterials/BaseFlattenNormalMap.uexp" 170
"../../../Engine/Content/EngineMaterials/BaseFlattenGrayscaleMap.uasset" 171
"../../../Engine/Content/EngineMaterials/BaseFlattenGrayscaleMap.uexp" 172
"../../../Engine/Content/EngineMaterials/BaseFlattenDiffuseMap.uasset" 173
"../../../Engine/Content/EngineMaterials/BaseFlattenDiffuseMap.uexp" 174
"../../../Engine/Content/Functions/Engine_MaterialFunctions02/PivotPainter2/Black_1x1_EXR_Texture.uasset" 175
"../../../Engine/Content/Functions/Engine_MaterialFunctions02/PivotPainter2/Black_1x1_EXR_Texture.uexp" 176
"../../../Engine/Content/EngineMaterials/BaseFlattenEmissiveMap.uasset" 177
"../../../Engine/Content/EngineMaterials/BaseFlattenEmissiveMap.uexp" 178
"../../../Engine/Content/EngineMaterials/BaseFlattenLinearColor.uasset" 179
"../../../Engine/Content/EngineMaterials/BaseFlattenLinearColor.uexp" 180
"../../../Engine/Content/EngineMaterials/FlattenMaterial.uasset" 181
"../../../Engine/Content/EngineMaterials/FlattenMaterial.uexp" 182
"../../../Engine/Content/EngineMaterials/DefaultWhiteGrid_Low.uasset" 183
"../../../Engine/Content/EngineMaterials/DefaultWhiteGrid_Low.uexp" 184
"../../../Engine/Content/EngineMaterials/EmissiveMeshMaterial.uasset" 185
"../../../Engine/Content/EngineMaterials/EmissiveMeshMaterial.uexp" 186
"../../../Engine/Content/EngineMaterials/DefaultWhiteGrid.ubulk" 187
"../../../Engine/Content/EngineMaterials/DefaultWhiteGrid.uasset" 188
"../../../Engine/Content/EngineMaterials/DefaultWhiteGrid.uexp" 189
"../../../Engine/Content/EngineFonts/RobotoDistanceField.uasset" 190
"../../../Engine/Content/EngineFonts/RobotoDistanceField.uexp" 191
"../../../Engine/Content/EngineMaterials/DefaultTextMaterialOpaque.uasset" 192
"../../../Engine/Content/EngineMaterials/DefaultTextMaterialOpaque.uexp" 193
"../../../Engine/Content/EngineMaterials/DefaultDiffuse.ubulk" 194
"../../../Engine/Content/EngineMaterials/DefaultDiffuse.uasset" 195
"../../../Engine/Content/EngineMaterials/DefaultDiffuse.uexp" 196
"../../../Engine/Content/Functions/Engine_MaterialFunctions02/Utility/BreakOutFloat2Components.uasset" 197
"../../../Engine/Content/Functions/Engine_MaterialFunctions02/Utility/BreakOutFloat2Components.uexp" 198
"../../../Engine/Content/EngineMaterials/DefaultPostProcessMaterial.uasset" 199
"../../../Engine/Content/EngineMaterials/DefaultPostProcessMaterial.uexp" 200
"../../../Engine/Content/EngineMaterials/DefaultPhysicalMaterial.uasset" 201
"../../../Engine/Content/EngineMaterials/DefaultPhysicalMaterial.uexp" 202
"../../../Engine/Content/EngineMaterials/DefaultLightFunctionMaterial.uasset" 203
"../../../Engine/Content/EngineMaterials/DefaultLightFunctionMaterial.uexp" 204
"../../../Engine/Content/EngineMaterials/DefaultDestructiblePhysicalMaterial.uasset" 205
"../../../Engine/Content/EngineMaterials/DefaultDestructiblePhysicalMaterial.uexp" 206
"../../../Engine/Content/EngineMaterials/DefaultDeferredDecalMaterial.uasset" 207
"../../../Engine/Content/EngineMaterials/DefaultDeferredDecalMaterial.uexp" 208
"../../../Engine/Content/EngineMaterials/DefaultBokeh.uasset" 209
"../../../Engine/Content/EngineMaterials/DefaultBokeh.uexp" 210
"../../../Engine/Content/EngineMaterials/DefaultBloomKernel.uasset" 211
"../../../Engine/Content/EngineMaterials/DefaultBloomKernel.uexp" 212
"../../../Engine/Content/EngineMaterials/BlueNoise.uasset" 213
"../../../Engine/Content/EngineMaterials/BlueNoise.uexp" 214
"../../../Engine/Content/Functions/Engine_MaterialFunctions02/Utility/CameraDirectionVector.uasset" 215
"../../../Engine/Content/Functions/Engine_MaterialFunctions02/Utility/CameraDirectionVector.uexp" 216
"../../../Engine/Content/EngineDebugMaterials/VolumeToRender.uasset" 217
"../../../Engine/Content/EngineDebugMaterials/VolumeToRender.uexp" 218
"../../../Engine/Content/EngineDebugMaterials/M_VolumeRenderSphereTracePP.uasset" 219
"../../../Engine/Content/EngineDebugMaterials/M_VolumeRenderSphereTracePP.uexp" 220
"../../../Engine/Content/EngineDebugMaterials/M_SimpleUnlitTranslucent.uasset" 221
"../../../Engine/Content/EngineDebugMaterials/M_SimpleUnlitTranslucent.uexp" 222
"../../../Engine/Content/EngineDebugMaterials/DebugMeshMaterial.uasset" 223
"../../../Engine/Content/EngineDebugMaterials/DebugMeshMaterial.uexp" 224
"../../../Engine/Content/EngineDebugMaterials/DebugEditorMaterial.uasset" 225
"../../../Engine/Content/EngineDebugMaterials/DebugEditorMaterial.uexp" 226
"../../../Engine/Content/EditorMaterials/Camera/CineMat.uasset" 227
"../../../Engine/Content/EditorMaterials/Camera/CineMat.uexp" 228
"../../../Engine/Content/EditorMaterials/Camera/MI_CineMat_Rig.uasset" 229
"../../../Engine/Content/EditorMaterials/Camera/MI_CineMat_Rig.uexp" 230
"../../../Engine/Content/EditorMeshes/Camera/SM_RailRig_Track.ubulk" 231
"../../../Engine/Content/EditorMeshes/Camera/SM_RailRig_Track.uasset" 232
"../../../Engine/Content/EditorMeshes/Camera/SM_RailRig_Track.uexp" 233
"../../../Engine/Content/EditorMeshes/Camera/SM_RailRig_Mount.ubulk" 234
"../../../Engine/Content/EditorMeshes/Camera/SM_RailRig_Mount.uasset" 235
"../../../Engine/Content/EditorMeshes/Camera/SM_RailRig_Mount.uexp" 236
"../../../Engine/Content/EditorMeshes/Camera/SM_CraneRig_Mount.ubulk" 237
"../../../Engine/Content/EditorMeshes/Camera/SM_CraneRig_Mount.uasset" 238
"../../../Engine/Content/EditorMeshes/Camera/SM_CraneRig_Mount.uexp" 239
"../../../Engine/Content/EditorMeshes/Camera/SM_CraneRig_Body.ubulk" 240
"../../../Engine/Content/EditorMeshes/Camera/SM_CraneRig_Body.uasset" 241
"../../../Engine/Content/EditorMeshes/Camera/SM_CraneRig_Body.uexp" 242
"../../../Engine/Content/EditorMeshes/Camera/SM_CraneRig_Base.ubulk" 243
"../../../Engine/Content/EditorMeshes/Camera/SM_CraneRig_Base.uasset" 244
"../../../Engine/Content/EditorMeshes/Camera/SM_CraneRig_Base.uexp" 245
"../../../Engine/Content/EditorMeshes/Camera/SM_CraneRig_Arm.ubulk" 246
"../../../Engine/Content/EditorMeshes/Camera/SM_CraneRig_Arm.uasset" 247
"../../../Engine/Content/EditorMeshes/Camera/SM_CraneRig_Arm.uexp" 248
"../../../Engine/Content/Functions/Engine_MaterialFunctions02/Utility/MakeFloat4.uasset" 249
"../../../Engine/Content/Functions/Engine_MaterialFunctions02/Utility/MakeFloat4.uexp" 250
"../../../Engine/Content/Functions/Engine_MaterialFunctions02/Utility/MakeFloat3.uasset" 251
"../../../Engine/Content/Functions/Engine_MaterialFunctions02/Utility/MakeFloat3.uexp" 252
"../../../Engine/Content/Functions/Engine_MaterialFunctions02/Utility/BreakOutFloat3Components.uasset" 253
"../../../Engine/Content/Functions/Engine_MaterialFunctions02/Utility/BreakOutFloat3Components.uexp" 254
"../../../Engine/Content/EditorMaterials/WorldPartition/WorldPartitionSpatialHashGridPreviewMaterial.uasset" 255
"../../../Engine/Content/EditorMaterials/WorldPartition/WorldPartitionSpatialHashGridPreviewMaterial.uexp" 256
"../../../Engine/Content/EditorMaterials/ParticleSystems/PSysThumbnail_OOD.ubulk" 257
"../../../Engine/Content/EditorMaterials/ParticleSystems/PSysThumbnail_OOD.uasset" 258
"../../../Engine/Content/EditorMaterials/ParticleSystems/PSysThumbnail_OOD.uexp" 259
"../../../Engine/Content/EditorMaterials/ParticleSystems/PSysThumbnail_NoImage.ubulk" 260
"../../../Engine/Content/EditorMaterials/ParticleSystems/PSysThumbnail_NoImage.uasset" 261
"../../../Engine/Content/EditorMaterials/ParticleSystems/PSysThumbnail_NoImage.uexp" 262
"../../../Engine/Content/EditorMaterials/MatineeGroups/MAT_Groups_Vector.uasset" 263
"../../../Engine/Content/EditorMaterials/MatineeGroups/MAT_Groups_Vector.uexp" 264
"../../../Engine/Content/EditorMaterials/MatineeGroups/MAT_Groups_Sound.uasset" 265
"../../../Engine/Content/EditorMaterials/MatineeGroups/MAT_Groups_Sound.uexp" 266
"../../../Engine/Content/EditorMaterials/MatineeGroups/MAT_Groups_Slomo.uasset" 267
"../../../Engine/Content/EditorMaterials/MatineeGroups/MAT_Groups_Slomo.uexp" 268
"../../../Engine/Content/EditorMaterials/MatineeGroups/MAT_Groups_Move.uasset" 269
"../../../Engine/Content/EditorMaterials/MatineeGroups/MAT_Groups_Move.uexp" 270
"../../../Engine/Content/EditorMaterials/MatineeGroups/MAT_Groups_Float.uasset" 271
"../../../Engine/Content/EditorMaterials/MatineeGroups/MAT_Groups_Float.uexp" 272
"../../../Engine/Content/EditorMaterials/MatineeGroups/MAT_Groups_Fade.uasset" 273
"../../../Engine/Content/EditorMaterials/MatineeGroups/MAT_Groups_Fade.uexp" 274
"../../../Engine/Content/EditorMaterials/MatineeGroups/MAT_Groups_Event.uasset" 275
"../../../Engine/Content/EditorMaterials/MatineeGroups/MAT_Groups_Event.uexp" 276
"../../../Engine/Content/EditorMaterials/MatineeGroups/MAT_Groups_Director.uasset" 277
"../../../Engine/Content/EditorMaterials/MatineeGroups/MAT_Groups_Director.uexp" 278
"../../../Engine/Content/EditorMaterials/MatineeGroups/MAT_Groups_AudioMaster.uasset" 279
"../../../Engine/Content/EditorMaterials/MatineeGroups/MAT_Groups_AudioMaster.uexp" 280
"../../../Engine/Content/EditorMaterials/MatineeGroups/MAT_Groups_Anim.uasset" 281
"../../../Engine/Content/EditorMaterials/MatineeGroups/MAT_Groups_Anim.uexp" 282
"../../../Engine/Content/EditorMaterials/MatineeGroups/MAT_ColorTrack.uasset" 283
"../../../Engine/Content/EditorMaterials/MatineeGroups/MAT_ColorTrack.uexp" 284
"../../../Engine/Content/EditorLandscapeResources/DefaultAlphaTexture.uasset" 285
"../../../Engine/Content/EditorLandscapeResources/DefaultAlphaTexture.uexp" 286
"../../../Engine/Content/EditorLandscapeResources/DataLayer.uasset" 287
"../../../Engine/Content/EditorLandscapeResources/DataLayer.uexp" 288
"../../../Engine/Content/MobileResources/HUD/VirtualJoystick_Background.uasset" 289
"../../../Engine/Content/MobileResources/HUD/VirtualJoystick_Background.uexp" 290
"../../../Engine/Content/MobileResources/HUD/VirtualJoystick_Thumb.uasset" 291
"../../../Engine/Content/MobileResources/HUD/VirtualJoystick_Thumb.uexp" 292
"../../../Engine/Content/MobileResources/HUD/DefaultVirtualJoysticks.uasset" 293
"../../../Engine/Content/MobileResources/HUD/DefaultVirtualJoysticks.uexp" 294
"../../../Engine/Content/Tutorial/ContentIntroCurve.uasset" 295
"../../../Engine/Content/Tutorial/ContentIntroCurve.uexp" 296
"../../../Engine/Content/VREditor/TransformGizmo/Main.uasset" 297
"../../../Engine/Content/VREditor/TransformGizmo/Main.uexp" 298
"../../../Engine/Content/VREditor/TransformGizmo/Xray.uasset" 299
"../../../Engine/Content/VREditor/TransformGizmo/Xray.uexp" 300
"../../../Engine/Content/VREditor/TransformGizmo/SM_Sequencer_Node.ubulk" 301
"../../../Engine/Content/VREditor/TransformGizmo/SM_Sequencer_Node.uasset" 302
"../../../Engine/Content/VREditor/TransformGizmo/SM_Sequencer_Node.uexp" 303
"../../../Engine/Content/VREditor/LaserPointer/VR_LaserPower_01.ubulk" 304
"../../../Engine/Content/VREditor/LaserPointer/VR_LaserPower_01.uasset" 305
"../../../Engine/Content/VREditor/LaserPointer/VR_LaserPower_01.uexp" 306
"../../../Engine/Content/VREditor/TransformGizmo/TransformGizmoMaterial.uasset" 307
"../../../Engine/Content/VREditor/TransformGizmo/TransformGizmoMaterial.uexp" 308
"../../../Engine/Content/VREditor/TransformGizmo/TranslucentTransformGizmoMaterial.uasset" 309
"../../../Engine/Content/VREditor/TransformGizmo/TranslucentTransformGizmoMaterial.uexp" 310
"../../../Engine/Content/VREditor/TransformGizmo/PlaneTranslationHandle.ubulk" 311
"../../../Engine/Content/VREditor/TransformGizmo/PlaneTranslationHandle.uasset" 312
"../../../Engine/Content/VREditor/TransformGizmo/PlaneTranslationHandle.uexp" 313
"../../../Engine/Content/VREditor/TransformGizmo/BoundingBoxEdge.ubulk" 314
"../../../Engine/Content/VREditor/TransformGizmo/BoundingBoxEdge.uasset" 315
"../../../Engine/Content/VREditor/TransformGizmo/BoundingBoxEdge.uexp" 316
"../../../Engine/Content/VREditor/TransformGizmo/BoundingBoxCorner.ubulk" 317
"../../../Engine/Content/VREditor/TransformGizmo/BoundingBoxCorner.uasset" 318
"../../../Engine/Content/VREditor/TransformGizmo/BoundingBoxCorner.uexp" 319
"../../../Engine/Plugins/2D/Paper2D/Content/PlaceholderTextures/DummySpriteTexture.ubulk" 320
"../../../Engine/Plugins/2D/Paper2D/Content/PlaceholderTextures/DummySpriteTexture.uasset" 321
"../../../Engine/Plugins/2D/Paper2D/Content/PlaceholderTextures/DummySpriteTexture.uexp" 322
"../../../Engine/Plugins/2D/Paper2D/Content/DefaultSpriteMaterial.uasset" 323
"../../../Engine/Plugins/2D/Paper2D/Content/DefaultSpriteMaterial.uexp" 324
"../../../Engine/Plugins/2D/Paper2D/Content/OpaqueUnlitSpriteMaterial.uasset" 325
"../../../Engine/Plugins/2D/Paper2D/Content/OpaqueUnlitSpriteMaterial.uexp" 326
"../../../Engine/Plugins/2D/Paper2D/Content/MaskedUnlitSpriteMaterial.uasset" 327
"../../../Engine/Plugins/2D/Paper2D/Content/MaskedUnlitSpriteMaterial.uexp" 328
"../../../Engine/Plugins/2D/Paper2D/Content/DummySprite.uasset" 329
"../../../Engine/Plugins/2D/Paper2D/Content/DummySprite.uexp" 330
"../../../Engine/Plugins/2D/Paper2D/Content/DefaultPaperTerrainMaterial.uasset" 331
"../../../Engine/Plugins/2D/Paper2D/Content/DefaultPaperTerrainMaterial.uexp" 332
"../../../Engine/Plugins/Animation/ControlRig/Content/M_Manip.uasset" 333
"../../../Engine/Plugins/Animation/ControlRig/Content/M_Manip.uexp" 334
"../../../Engine/Plugins/Animation/ControlRig/Content/Controls/DefaultGizmoLibraryNormalized.uasset" 335
"../../../Engine/Plugins/Animation/ControlRig/Content/Controls/DefaultGizmoLibraryNormalized.uexp" 336
"../../../Engine/Plugins/Animation/ControlRig/Content/Controls/ControlRig_Wedge_solid.ubulk" 337
"../../../Engine/Plugins/Animation/ControlRig/Content/Controls/ControlRig_Wedge_solid.uasset" 338
"../../../Engine/Plugins/Animation/ControlRig/Content/Controls/ControlRig_Wedge_solid.uexp" 339
"../../../Engine/Plugins/Animation/ControlRig/Content/Controls/ControlRig_Wedge_3mm.ubulk" 340
"../../../Engine/Plugins/Animation/ControlRig/Content/Controls/ControlRig_Wedge_3mm.uasset" 341
"../../../Engine/Plugins/Animation/ControlRig/Content/Controls/ControlRig_Wedge_3mm.uexp" 342
"../../../Engine/Plugins/Animation/ControlRig/Content/Controls/ControlRig_Wedge_1mm.ubulk" 343
"../../../Engine/Plugins/Animation/ControlRig/Content/Controls/ControlRig_Wedge_1mm.uasset" 344
"../../../Engine/Plugins/Animation/ControlRig/Content/Controls/ControlRig_Wedge_1mm.uexp" 345
"../../../Engine/Plugins/Animation/ControlRig/Content/Controls/ControlRig_Triangle_solid.ubulk" 346
"../../../Engine/Plugins/Animation/ControlRig/Content/Controls/ControlRig_Triangle_solid.uasset" 347
"../../../Engine/Plugins/Animation/ControlRig/Content/Controls/ControlRig_Triangle_solid.uexp" 348
"../../../Engine/Plugins/Animation/ControlRig/Content/Controls/ControlRig_Triangle_3mm.ubulk" 349
"../../../Engine/Plugins/Animation/ControlRig/Content/Controls/ControlRig_Triangle_3mm.uasset" 350
"../../../Engine/Plugins/Animation/ControlRig/Content/Controls/ControlRig_Triangle_3mm.uexp" 351
"../../../Engine/Plugins/Animation/ControlRig/Content/Controls/ControlRig_Triangle_1mm.ubulk" 352
"../../../Engine/Plugins/Animation/ControlRig/Content/Controls/ControlRig_Triangle_1mm.uasset" 353
"../../../Engine/Plugins/Animation/ControlRig/Content/Controls/ControlRig_Triangle_1mm.uexp" 354
"../../../Engine/Plugins/Animation/ControlRig/Content/Controls/ControlRig_Star4_solid.ubulk" 355
"../../../Engine/Plugins/Animation/ControlRig/Content/Controls/ControlRig_Star4_solid.uasset" 356
"../../../Engine/Plugins/Animation/ControlRig/Content/Controls/ControlRig_Star4_solid.uexp" 357
"../../../Engine/Plugins/Animation/ControlRig/Content/Controls/ControlRig_Star4_3mm.ubulk" 358
"../../../Engine/Plugins/Animation/ControlRig/Content/Controls/ControlRig_Star4_3mm.uasset" 359
"../../../Engine/Plugins/Animation/ControlRig/Content/Controls/ControlRig_Star4_3mm.uexp" 360
"../../../Engine/Plugins/Animation/ControlRig/Content/Controls/ControlRig_Star4_1mm.ubulk" 361
"../../../Engine/Plugins/Animation/ControlRig/Content/Controls/ControlRig_Star4_1mm.uasset" 362
"../../../Engine/Plugins/Animation/ControlRig/Content/Controls/ControlRig_Star4_1mm.uexp" 363
"../../../Engine/Plugins/Animation/ControlRig/Content/Controls/ControlRig_Square_solid.ubulk" 364
"../../../Engine/Plugins/Animation/ControlRig/Content/Controls/ControlRig_Square_solid.uasset" 365
"../../../Engine/Plugins/Animation/ControlRig/Content/Controls/ControlRig_Square_solid.uexp" 366
"../../../Engine/Plugins/Animation/ControlRig/Content/Controls/ControlRig_Square_3mm.ubulk" 367
"../../../Engine/Plugins/Animation/ControlRig/Content/Controls/ControlRig_Square_3mm.uasset" 368
"../../../Engine/Plugins/Animation/ControlRig/Content/Controls/ControlRig_Square_3mm.uexp" 369
"../../../Engine/Plugins/Animation/ControlRig/Content/Controls/ControlRig_Square_1mm.ubulk" 370
"../../../Engine/Plugins/Animation/ControlRig/Content/Controls/ControlRig_Square_1mm.uasset" 371
"../../../Engine/Plugins/Animation/ControlRig/Content/Controls/ControlRig_Square_1mm.uexp" 372
"../../../Engine/Plugins/Animation/ControlRig/Content/Controls/ControlRig_Sphere_solid.ubulk" 373
"../../../Engine/Plugins/Animation/ControlRig/Content/Controls/ControlRig_Sphere_solid.uasset" 374
"../../../Engine/Plugins/Animation/ControlRig/Content/Controls/ControlRig_Sphere_solid.uexp" 375
"../../../Engine/Plugins/Animation/ControlRig/Content/Controls/ControlRig_Sphere_3mm.ubulk" 376
"../../../Engine/Plugins/Animation/ControlRig/Content/Controls/ControlRig_Sphere_3mm.uasset" 377
"../../../Engine/Plugins/Animation/ControlRig/Content/Controls/ControlRig_Sphere_3mm.uexp" 378
"../../../Engine/Plugins/Animation/ControlRig/Content/Controls/ControlRig_Sphere_1mm.ubulk" 379
"../../../Engine/Plugins/Animation/ControlRig/Content/Controls/ControlRig_Sphere_1mm.uasset" 380
"../../../Engine/Plugins/Animation/ControlRig/Content/Controls/ControlRig_Sphere_1mm.uexp" 381
"../../../Engine/Plugins/Animation/ControlRig/Content/Controls/ControlRig_RoundedTriangle_solid.ubulk" 382
"../../../Engine/Plugins/Animation/ControlRig/Content/Controls/ControlRig_RoundedTriangle_solid.uasset" 383
"../../../Engine/Plugins/Animation/ControlRig/Content/Controls/ControlRig_RoundedTriangle_solid.uexp" 384
"../../../Engine/Plugins/Animation/ControlRig/Content/Controls/ControlRig_RoundedTriangle_3mm.ubulk" 385
"../../../Engine/Plugins/Animation/ControlRig/Content/Controls/ControlRig_RoundedTriangle_3mm.uasset" 386
"../../../Engine/Plugins/Animation/ControlRig/Content/Controls/ControlRig_RoundedTriangle_3mm.uexp" 387
"../../../Engine/Plugins/Animation/ControlRig/Content/Controls/ControlRig_RoundedTriangle_1mm.ubulk" 388
"../../../Engine/Plugins/Animation/ControlRig/Content/Controls/ControlRig_RoundedTriangle_1mm.uasset" 389
"../../../Engine/Plugins/Animation/ControlRig/Content/Controls/ControlRig_RoundedTriangle_1mm.uexp" 390
"../../../Engine/Plugins/Animation/ControlRig/Content/Controls/ControlRig_RoundedSquare_solid.ubulk" 391
"../../../Engine/Plugins/Animation/ControlRig/Content/Controls/ControlRig_RoundedSquare_solid.uasset" 392
"../../../Engine/Plugins/Animation/ControlRig/Content/Controls/ControlRig_RoundedSquare_solid.uexp" 393
"../../../Engine/Plugins/Animation/ControlRig/Content/Controls/ControlRig_RoundedSquare_3mm.ubulk" 394
"../../../Engine/Plugins/Animation/ControlRig/Content/Controls/ControlRig_RoundedSquare_3mm.uasset" 395
"../../../Engine/Plugins/Animation/ControlRig/Content/Controls/ControlRig_RoundedSquare_3mm.uexp" 396
"../../../Engine/Plugins/Animation/ControlRig/Content/Controls/ControlRig_RoundedSquare_1mm.ubulk" 397
"../../../Engine/Plugins/Animation/ControlRig/Content/Controls/ControlRig_RoundedSquare_1mm.uasset" 398
"../../../Engine/Plugins/Animation/ControlRig/Content/Controls/ControlRig_RoundedSquare_1mm.uexp" 399
"../../../Engine/Plugins/Animation/ControlRig/Content/Controls/ControlRig_QuarterCircle_solid.ubulk" 400
"../../../Engine/Plugins/Animation/ControlRig/Content/Controls/ControlRig_QuarterCircle_solid.uasset" 401
"../../../Engine/Plugins/Animation/ControlRig/Content/Controls/ControlRig_QuarterCircle_solid.uexp" 402
"../../../Engine/Plugins/Animation/ControlRig/Content/Controls/ControlRig_QuarterCircle_3mm.ubulk" 403
"../../../Engine/Plugins/Animation/ControlRig/Content/Controls/ControlRig_QuarterCircle_3mm.uasset" 404
"../../../Engine/Plugins/Animation/ControlRig/Content/Controls/ControlRig_QuarterCircle_3mm.uexp" 405
"../../../Engine/Plugins/Animation/ControlRig/Content/Controls/ControlRig_QuarterCircle_1mm.ubulk" 406
"../../../Engine/Plugins/Animation/ControlRig/Content/Controls/ControlRig_QuarterCircle_1mm.uasset" 407
"../../../Engine/Plugins/Animation/ControlRig/Content/Controls/ControlRig_QuarterCircle_1mm.uexp" 408
"../../../Engine/Plugins/Animation/ControlRig/Content/Controls/ControlRig_Pyramid_solid.ubulk" 409
"../../../Engine/Plugins/Animation/ControlRig/Content/Controls/ControlRig_Pyramid_solid.uasset" 410
"../../../Engine/Plugins/Animation/ControlRig/Content/Controls/ControlRig_Pyramid_solid.uexp" 411
"../../../Engine/Plugins/Animation/ControlRig/Content/Controls/ControlRig_Pyramid_3mm.ubulk" 412
"../../../Engine/Plugins/Animation/ControlRig/Content/Controls/ControlRig_Pyramid_3mm.uasset" 413
"../../../Engine/Plugins/Animation/ControlRig/Content/Controls/ControlRig_Pyramid_3mm.uexp" 414
"../../../Engine/Plugins/Animation/ControlRig/Content/Controls/ControlRig_Pyramid_1mm.ubulk" 415
"../../../Engine/Plugins/Animation/ControlRig/Content/Controls/ControlRig_Pyramid_1mm.uasset" 416
"../../../Engine/Plugins/Animation/ControlRig/Content/Controls/ControlRig_Pyramid_1mm.uexp" 417
"../../../Engine/Plugins/Animation/ControlRig/Content/Controls/ControlRig_Octagon_solid.ubulk" 418
"../../../Engine/Plugins/Animation/ControlRig/Content/Controls/ControlRig_Octagon_solid.uasset" 419
"../../../Engine/Plugins/Animation/ControlRig/Content/Controls/ControlRig_Octagon_solid.uexp" 420
"../../../Engine/Plugins/Animation/ControlRig/Content/Controls/ControlRig_Octagon_3mm.ubulk" 421
"../../../Engine/Plugins/Animation/ControlRig/Content/Controls/ControlRig_Octagon_3mm.uasset" 422
"../../../Engine/Plugins/Animation/ControlRig/Content/Controls/ControlRig_Octagon_3mm.uexp" 423
"../../../Engine/Plugins/Animation/ControlRig/Content/Controls/ControlRig_Octagon_1mm.ubulk" 424
"../../../Engine/Plugins/Animation/ControlRig/Content/Controls/ControlRig_Octagon_1mm.uasset" 425
"../../../Engine/Plugins/Animation/ControlRig/Content/Controls/ControlRig_Octagon_1mm.uexp" 426
"../../../Engine/Plugins/Animation/ControlRig/Content/Controls/ControlRig_Hexagon_solid.ubulk" 427
"../../../Engine/Plugins/Animation/ControlRig/Content/Controls/ControlRig_Hexagon_solid.uasset" 428
"../../../Engine/Plugins/Animation/ControlRig/Content/Controls/ControlRig_Hexagon_solid.uexp" 429
"../../../Engine/Plugins/Animation/ControlRig/Content/Controls/ControlRig_Hexagon_3mm.ubulk" 430
"../../../Engine/Plugins/Animation/ControlRig/Content/Controls/ControlRig_Hexagon_3mm.uasset" 431
"../../../Engine/Plugins/Animation/ControlRig/Content/Controls/ControlRig_Hexagon_3mm.uexp" 432
"../../../Engine/Plugins/Animation/ControlRig/Content/Controls/ControlRig_Hexagon_1mm.ubulk" 433
"../../../Engine/Plugins/Animation/ControlRig/Content/Controls/ControlRig_Hexagon_1mm.uasset" 434
"../../../Engine/Plugins/Animation/ControlRig/Content/Controls/ControlRig_Hexagon_1mm.uexp" 435
"../../../Engine/Plugins/Animation/ControlRig/Content/Controls/ControlRig_HalfCircle_solid.ubulk" 436
"../../../Engine/Plugins/Animation/ControlRig/Content/Controls/ControlRig_HalfCircle_solid.uasset" 437
"../../../Engine/Plugins/Animation/ControlRig/Content/Controls/ControlRig_HalfCircle_solid.uexp" 438
"../../../Engine/Plugins/Animation/ControlRig/Content/Controls/ControlRig_HalfCircle_3mm.ubulk" 439
"../../../Engine/Plugins/Animation/ControlRig/Content/Controls/ControlRig_HalfCircle_3mm.uasset" 440
"../../../Engine/Plugins/Animation/ControlRig/Content/Controls/ControlRig_HalfCircle_3mm.uexp" 441
"../../../Engine/Plugins/Animation/ControlRig/Content/Controls/ControlRig_HalfCircle_1mm.ubulk" 442
"../../../Engine/Plugins/Animation/ControlRig/Content/Controls/ControlRig_HalfCircle_1mm.uasset" 443
"../../../Engine/Plugins/Animation/ControlRig/Content/Controls/ControlRig_HalfCircle_1mm.uexp" 444
"../../../Engine/Plugins/Animation/ControlRig/Content/Controls/ControlRig_Diamond_solid.ubulk" 445
"../../../Engine/Plugins/Animation/ControlRig/Content/Controls/ControlRig_Diamond_solid.uasset" 446
"../../../Engine/Plugins/Animation/ControlRig/Content/Controls/ControlRig_Diamond_solid.uexp" 447
"../../../Engine/Plugins/Animation/ControlRig/Content/Controls/ControlRig_Diamond_3mm.ubulk" 448
"../../../Engine/Plugins/Animation/ControlRig/Content/Controls/ControlRig_Diamond_3mm.uasset" 449
"../../../Engine/Plugins/Animation/ControlRig/Content/Controls/ControlRig_Diamond_3mm.uexp" 450
"../../../Engine/Plugins/Animation/ControlRig/Content/Controls/ControlRig_Diamond_1mm.ubulk" 451
"../../../Engine/Plugins/Animation/ControlRig/Content/Controls/ControlRig_Diamond_1mm.uasset" 452
"../../../Engine/Plugins/Animation/ControlRig/Content/Controls/ControlRig_Diamond_1mm.uexp" 453
"../../../Engine/Plugins/Animation/ControlRig/Content/Controls/ControlRig_Circle_solid.ubulk" 454
"../../../Engine/Plugins/Animation/ControlRig/Content/Controls/ControlRig_Circle_solid.uasset" 455
"../../../Engine/Plugins/Animation/ControlRig/Content/Controls/ControlRig_Circle_solid.uexp" 456
"../../../Engine/Plugins/Animation/ControlRig/Content/Controls/ControlRig_Circle_3mm.ubulk" 457
"../../../Engine/Plugins/Animation/ControlRig/Content/Controls/ControlRig_Circle_3mm.uasset" 458
"../../../Engine/Plugins/Animation/ControlRig/Content/Controls/ControlRig_Circle_3mm.uexp" 459
"../../../Engine/Plugins/Animation/ControlRig/Content/Controls/ControlRig_Circle_1mm.ubulk" 460
"../../../Engine/Plugins/Animation/ControlRig/Content/Controls/ControlRig_Circle_1mm.uasset" 461
"../../../Engine/Plugins/Animation/ControlRig/Content/Controls/ControlRig_Circle_1mm.uexp" 462
"../../../Engine/Plugins/Animation/ControlRig/Content/Controls/ControlRig_Box_solid.ubulk" 463
"../../../Engine/Plugins/Animation/ControlRig/Content/Controls/ControlRig_Box_solid.uasset" 464
"../../../Engine/Plugins/Animation/ControlRig/Content/Controls/ControlRig_Box_solid.uexp" 465
"../../../Engine/Plugins/Animation/ControlRig/Content/Controls/ControlRig_Box_3mm.ubulk" 466
"../../../Engine/Plugins/Animation/ControlRig/Content/Controls/ControlRig_Box_3mm.uasset" 467
"../../../Engine/Plugins/Animation/ControlRig/Content/Controls/ControlRig_Box_3mm.uexp" 468
"../../../Engine/Plugins/Animation/ControlRig/Content/Controls/ControlRig_Box_1mm.ubulk" 469
"../../../Engine/Plugins/Animation/ControlRig/Content/Controls/ControlRig_Box_1mm.uasset" 470
"../../../Engine/Plugins/Animation/ControlRig/Content/Controls/ControlRig_Box_1mm.uexp" 471
"../../../Engine/Plugins/Animation/ControlRig/Content/Controls/ControlRig_Arrow_solid.ubulk" 472
"../../../Engine/Plugins/Animation/ControlRig/Content/Controls/ControlRig_Arrow_solid.uasset" 473
"../../../Engine/Plugins/Animation/ControlRig/Content/Controls/ControlRig_Arrow_solid.uexp" 474
"../../../Engine/Plugins/Animation/ControlRig/Content/Controls/ControlRig_Arrow_3mm.ubulk" 475
"../../../Engine/Plugins/Animation/ControlRig/Content/Controls/ControlRig_Arrow_3mm.uasset" 476
"../../../Engine/Plugins/Animation/ControlRig/Content/Controls/ControlRig_Arrow_3mm.uexp" 477
"../../../Engine/Plugins/Animation/ControlRig/Content/Controls/ControlRig_Arrow_1mm.ubulk" 478
"../../../Engine/Plugins/Animation/ControlRig/Content/Controls/ControlRig_Arrow_1mm.uasset" 479
"../../../Engine/Plugins/Animation/ControlRig/Content/Controls/ControlRig_Arrow_1mm.uexp" 480
"../../../Engine/Plugins/Animation/ControlRig/Content/Controls/ControlRig_Arrow4_solid.ubulk" 481
"../../../Engine/Plugins/Animation/ControlRig/Content/Controls/ControlRig_Arrow4_solid.uasset" 482
"../../../Engine/Plugins/Animation/ControlRig/Content/Controls/ControlRig_Arrow4_solid.uexp" 483
"../../../Engine/Plugins/Animation/ControlRig/Content/Controls/ControlRig_Arrow4_3mm.ubulk" 484
"../../../Engine/Plugins/Animation/ControlRig/Content/Controls/ControlRig_Arrow4_3mm.uasset" 485
"../../../Engine/Plugins/Animation/ControlRig/Content/Controls/ControlRig_Arrow4_3mm.uexp" 486
"../../../Engine/Plugins/Animation/ControlRig/Content/Controls/ControlRig_Arrow4_1mm.ubulk" 487
"../../../Engine/Plugins/Animation/ControlRig/Content/Controls/ControlRig_Arrow4_1mm.uasset" 488
"../../../Engine/Plugins/Animation/ControlRig/Content/Controls/ControlRig_Arrow4_1mm.uexp" 489
"../../../Engine/Plugins/Animation/ControlRig/Content/Controls/ControlRig_Arrow2_solid.ubulk" 490
"../../../Engine/Plugins/Animation/ControlRig/Content/Controls/ControlRig_Arrow2_solid.uasset" 491
"../../../Engine/Plugins/Animation/ControlRig/Content/Controls/ControlRig_Arrow2_solid.uexp" 492
"../../../Engine/Plugins/Animation/ControlRig/Content/Controls/ControlRig_Arrow2_3mm.ubulk" 493
"../../../Engine/Plugins/Animation/ControlRig/Content/Controls/ControlRig_Arrow2_3mm.uasset" 494
"../../../Engine/Plugins/Animation/ControlRig/Content/Controls/ControlRig_Arrow2_3mm.uexp" 495
"../../../Engine/Plugins/Animation/ControlRig/Content/Controls/ControlRig_Arrow2_1mm.ubulk" 496
"../../../Engine/Plugins/Animation/ControlRig/Content/Controls/ControlRig_Arrow2_1mm.uasset" 497
"../../../Engine/Plugins/Animation/ControlRig/Content/Controls/ControlRig_Arrow2_1mm.uexp" 498
"../../../Engine/Plugins/Animation/ControlRig/Content/Controls/ControlRigGizmoMaterial.uasset" 499
"../../../Engine/Plugins/Animation/ControlRig/Content/Controls/ControlRigGizmoMaterial.uexp" 500
"../../../Engine/Plugins/Runtime/HairStrands/Content/Materials/HairMeshesDefaultMaterial.uasset" 501
"../../../Engine/Plugins/Runtime/HairStrands/Content/Materials/HairMeshesDefaultMaterial.uexp" 502
"../../../Engine/Plugins/Runtime/HairStrands/Content/Materials/HairDefaultMaterial.uasset" 503
"../../../Engine/Plugins/Runtime/HairStrands/Content/Materials/HairDefaultMaterial.uexp" 504
"../../../Engine/Plugins/Runtime/HairStrands/Content/Materials/HairGroupColors.uasset" 505
"../../../Engine/Plugins/Runtime/HairStrands/Content/Materials/HairGroupColors.uexp" 506
"../../../Engine/Content/EngineMaterials/HairColorMap.uasset" 507
"../../../Engine/Content/EngineMaterials/HairColorMap.uexp" 508
"../../../Engine/Content/EngineMaterials/HairDebugColor.uasset" 509
"../../../Engine/Content/EngineMaterials/HairDebugColor.uexp" 510
"../../../Engine/Plugins/Runtime/HairStrands/Content/Materials/HairDebugMaterial.uasset" 511
"../../../Engine/Plugins/Runtime/HairStrands/Content/Materials/HairDebugMaterial.uexp" 512
"../../../Engine/Plugins/Runtime/HairStrands/Content/Materials/HairCardsDefaultMaterial.uasset" 513
"../../../Engine/Plugins/Runtime/HairStrands/Content/Materials/HairCardsDefaultMaterial.uexp" 514
"C:/Unreal Projects/Repositories/MazeGame/MazeGame/Content/FirstPerson/Meshes/BaseMaterial.uasset" 515
"C:/Unreal Projects/Repositories/MazeGame/MazeGame/Content/FirstPerson/Meshes/BaseMaterial.uexp" 516
"C:/Unreal Projects/Repositories/MazeGame/MazeGame/Content/FirstPerson/Meshes/CubeMaterialOverride.uasset" 517
"C:/Unreal Projects/Repositories/MazeGame/MazeGame/Content/FirstPerson/Meshes/CubeMaterialOverride.uexp" 518
"C:/Unreal Projects/Repositories/MazeGame/MazeGame/Content/FirstPerson/Geometry/Meshes/CubeMaterial.uasset" 519
"C:/Unreal Projects/Repositories/MazeGame/MazeGame/Content/FirstPerson/Geometry/Meshes/CubeMaterial.uexp" 520
"C:/Unreal Projects/Repositories/MazeGame/MazeGame/Content/FirstPerson/Geometry/Meshes/TemplateFloor.ubulk" 521
"C:/Unreal Projects/Repositories/MazeGame/MazeGame/Content/FirstPerson/Geometry/Meshes/TemplateFloor.uasset" 522
"C:/Unreal Projects/Repositories/MazeGame/MazeGame/Content/FirstPerson/Geometry/Meshes/TemplateFloor.uexp" 523
"C:/Unreal Projects/Repositories/MazeGame/MazeGame/Content/FirstPerson/Geometry/Meshes/1M_Cube_Chamfer.ubulk" 524
"C:/Unreal Projects/Repositories/MazeGame/MazeGame/Content/FirstPerson/Geometry/Meshes/1M_Cube_Chamfer.uasset" 525
"C:/Unreal Projects/Repositories/MazeGame/MazeGame/Content/FirstPerson/Geometry/Meshes/1M_Cube_Chamfer.uexp" 526
"C:/Unreal Projects/Repositories/MazeGame/MazeGame/Content/FirstPerson/FPWeapon/Materials/MaterialLayers/T_ML_FineRubber.ubulk" 527
"C:/Unreal Projects/Repositories/MazeGame/MazeGame/Content/FirstPerson/FPWeapon/Materials/MaterialLayers/T_ML_FineRubber.uasset" 528
"C:/Unreal Projects/Repositories/MazeGame/MazeGame/Content/FirstPerson/FPWeapon/Materials/MaterialLayers/T_ML_FineRubber.uexp" 529
"C:/Unreal Projects/Repositories/MazeGame/MazeGame/Content/FirstPerson/FirstPersonBP/NewBlueprint.uasset" 530
"C:/Unreal Projects/Repositories/MazeGame/MazeGame/Content/FirstPerson/FirstPersonBP/NewBlueprint.uexp" 531
"C:/Unreal Projects/Repositories/MazeGame/MazeGame/Content/MazeGame/Characters/MGHero/ChameraShakes/SprintCameraShake.uasset" 532
"C:/Unreal Projects/Repositories/MazeGame/MazeGame/Content/MazeGame/Characters/MGHero/ChameraShakes/SprintCameraShake.uexp" 533
"C:/Unreal Projects/Repositories/MazeGame/MazeGame/Content/MazeGame/Characters/MGHero/ChameraShakes/SprintMatineeCameraShake.uasset" 534
"C:/Unreal Projects/Repositories/MazeGame/MazeGame/Content/MazeGame/Characters/MGHero/ChameraShakes/SprintMatineeCameraShake.uexp" 535
"C:/Unreal Projects/Repositories/MazeGame/MazeGame/Content/MazeGame/Data/ST_Texts.uasset" 536
"C:/Unreal Projects/Repositories/MazeGame/MazeGame/Content/MazeGame/Data/ST_Texts.uexp" 537
"C:/Unreal Projects/Repositories/MazeGame/MazeGame/Content/MazeGame/UI/Widgets/Elements/WBP_ConfirmAction.uasset" 538
"C:/Unreal Projects/Repositories/MazeGame/MazeGame/Content/MazeGame/UI/Widgets/Elements/WBP_ConfirmAction.uexp" 539
"C:/Unreal Projects/Repositories/MazeGame/MazeGame/Content/MazeGame/UI/Widgets/Elements/WBP_LoadGameSlot.uasset" 540
"C:/Unreal Projects/Repositories/MazeGame/MazeGame/Content/MazeGame/UI/Widgets/Elements/WBP_LoadGameSlot.uexp" 541
"../../../Engine/Content/EditorBlueprintResources/StandardMacros.uasset" 542
"../../../Engine/Content/EditorBlueprintResources/StandardMacros.uexp" 543
"C:/Unreal Projects/Repositories/MazeGame/MazeGame/Content/MazeGame/UI/Widgets/WBP_MainMenu.uasset" 544
"C:/Unreal Projects/Repositories/MazeGame/MazeGame/Content/MazeGame/UI/Widgets/WBP_MainMenu.uexp" 545
"C:/Unreal Projects/Repositories/MazeGame/MazeGame/Content/MazeGame/Core/SaveMenu.uasset" 546
"C:/Unreal Projects/Repositories/MazeGame/MazeGame/Content/MazeGame/Core/SaveMenu.uexp" 547
"../../../Engine/Content/EngineFonts/Faces/RobotoLight.uexp" 548
"../../../Engine/Content/EngineFonts/Faces/RobotoLight.uasset" 549
"../../../Engine/Content/EngineFonts/Faces/RobotoLight.ufont" 550
"../../../Engine/Content/EngineFonts/Faces/RobotoBold.uexp" 551
"../../../Engine/Content/EngineFonts/Faces/RobotoBold.uasset" 552
"../../../Engine/Content/EngineFonts/Faces/RobotoBold.ufont" 553
"../../../Engine/Content/EngineFonts/Faces/RobotoRegular.uexp" 554
"../../../Engine/Content/EngineFonts/Faces/RobotoRegular.uasset" 555
"../../../Engine/Content/EngineFonts/Faces/RobotoRegular.ufont" 556
"../../../Engine/Content/EngineFonts/Faces/DroidSansFallback.uexp" 557
"../../../Engine/Content/EngineFonts/Faces/DroidSansFallback.uasset" 558
"../../../Engine/Content/EngineFonts/Faces/DroidSansFallback.ufont" 559
"../../../Engine/Content/EngineFonts/Faces/RobotoItalic.uexp" 560
"../../../Engine/Content/EngineFonts/Faces/RobotoItalic.uasset" 561
"../../../Engine/Content/EngineFonts/Faces/RobotoItalic.ufont" 562
"../../../Engine/Content/EngineFonts/Faces/RobotoBoldItalic.uexp" 563
"../../../Engine/Content/EngineFonts/Faces/RobotoBoldItalic.uasset" 564
"../../../Engine/Content/EngineFonts/Faces/RobotoBoldItalic.ufont" 565
"../../../Engine/Content/EngineFonts/Roboto.uasset" 566
"../../../Engine/Content/EngineFonts/Roboto.uexp" 567
"C:/Unreal Projects/Repositories/MazeGame/MazeGame/Content/MazeGame/Data/DataTables/DT_RichTextStyles.uasset" 568
"C:/Unreal Projects/Repositories/MazeGame/MazeGame/Content/MazeGame/Data/DataTables/DT_RichTextStyles.uexp" 569
"C:/Unreal Projects/Repositories/MazeGame/MazeGame/Content/MazeGame/UI/Widgets/HUD/WBP_HUDAbilitySlot.uasset" 570
"C:/Unreal Projects/Repositories/MazeGame/MazeGame/Content/MazeGame/UI/Widgets/HUD/WBP_HUDAbilitySlot.uexp" 571
"C:/Unreal Projects/Repositories/MazeGame/MazeGame/Content/MazeGame/UI/Widgets/HUD/WBP_HUDProgressBars.uasset" 572
"C:/Unreal Projects/Repositories/MazeGame/MazeGame/Content/MazeGame/UI/Widgets/HUD/WBP_HUDProgressBars.uexp" 573
"C:/Unreal Projects/Repositories/MazeGame/MazeGame/Content/MazeGame/UI/BP_MGHUD.uasset" 574
"C:/Unreal Projects/Repositories/MazeGame/MazeGame/Content/MazeGame/UI/BP_MGHUD.uexp" 575
"C:/Unreal Projects/Repositories/MazeGame/MazeGame/Content/MazeGame/UI/Widgets/Elements/WBP_OkMessage.uasset" 576
"C:/Unreal Projects/Repositories/MazeGame/MazeGame/Content/MazeGame/UI/Widgets/Elements/WBP_OkMessage.uexp" 577
"C:/Unreal Projects/Repositories/MazeGame/MazeGame/Content/MazeGame/UI/Widgets/Elements/WBP_KeyBinding.uasset" 578
"C:/Unreal Projects/Repositories/MazeGame/MazeGame/Content/MazeGame/UI/Widgets/Elements/WBP_KeyBinding.uexp" 579
"C:/Unreal Projects/Repositories/MazeGame/MazeGame/Content/MazeGame/UI/Widgets/WBP_Options.uasset" 580
"C:/Unreal Projects/Repositories/MazeGame/MazeGame/Content/MazeGame/UI/Widgets/WBP_Options.uexp" 581
"C:/Unreal Projects/Repositories/MazeGame/MazeGame/Content/MazeGame/UI/Widgets/WBP_PauseMenu.uasset" 582
"C:/Unreal Projects/Repositories/MazeGame/MazeGame/Content/MazeGame/UI/Widgets/WBP_PauseMenu.uexp" 583
"C:/Unreal Projects/Repositories/MazeGame/MazeGame/Content/MazeGame/Characters/MGHero/GamepalyEffects/GE_EnergyRegen.uasset" 584
"C:/Unreal Projects/Repositories/MazeGame/MazeGame/Content/MazeGame/Characters/MGHero/GamepalyEffects/GE_EnergyRegen.uexp" 585
"C:/Unreal Projects/Repositories/MazeGame/MazeGame/Content/MazeGame/Characters/MGHero/ChameraShakes/LandNoiseShake.uasset" 586
"C:/Unreal Projects/Repositories/MazeGame/MazeGame/Content/MazeGame/Characters/MGHero/ChameraShakes/LandNoiseShake.uexp" 587
"C:/Unreal Projects/Repositories/MazeGame/MazeGame/Content/MazeGame/Characters/MGHero/Abilities/Sprint/GE_SprintCost.uasset" 588
"C:/Unreal Projects/Repositories/MazeGame/MazeGame/Content/MazeGame/Characters/MGHero/Abilities/Sprint/GE_SprintCost.uexp" 589
"C:/Unreal Projects/Repositories/MazeGame/MazeGame/Content/MazeGame/Characters/MGHero/Abilities/Sprint/GE_StandartSprint.uasset" 590
"C:/Unreal Projects/Repositories/MazeGame/MazeGame/Content/MazeGame/Characters/MGHero/Abilities/Sprint/GE_StandartSprint.uexp" 591
"C:/Unreal Projects/Repositories/MazeGame/MazeGame/Content/MazeGame/Characters/MGHero/Abilities/Sprint/GA_Sprint.uasset" 592
"C:/Unreal Projects/Repositories/MazeGame/MazeGame/Content/MazeGame/Characters/MGHero/Abilities/Sprint/GA_Sprint.uexp" 593
"C:/Unreal Projects/Repositories/MazeGame/MazeGame/Content/MazeGame/Characters/MGHero/GamepalyEffects/GE_StaminaRegen.uasset" 594
"C:/Unreal Projects/Repositories/MazeGame/MazeGame/Content/MazeGame/Characters/MGHero/GamepalyEffects/GE_StaminaRegen.uexp" 595
"C:/Unreal Projects/Repositories/MazeGame/MazeGame/Content/MazeGame/Characters/MGHero/ChameraShakes/FlyingCS.uasset" 596
"C:/Unreal Projects/Repositories/MazeGame/MazeGame/Content/MazeGame/Characters/MGHero/ChameraShakes/FlyingCS.uexp" 597
"C:/Unreal Projects/Repositories/MazeGame/MazeGame/Content/MazeGame/Characters/MGHero/ChameraShakes/JumpSprintCSB.uasset" 598
"C:/Unreal Projects/Repositories/MazeGame/MazeGame/Content/MazeGame/Characters/MGHero/ChameraShakes/JumpSprintCSB.uexp" 599
"C:/Unreal Projects/Repositories/MazeGame/MazeGame/Content/MazeGame/Characters/MGHero/ChameraShakes/JumpSprintMatineeCSB.uasset" 600
"C:/Unreal Projects/Repositories/MazeGame/MazeGame/Content/MazeGame/Characters/MGHero/ChameraShakes/JumpSprintMatineeCSB.uexp" 601
"C:/Unreal Projects/Repositories/MazeGame/MazeGame/Content/MazeGame/Characters/MGHero/ChameraShakes/JumpCameraShakeB.uasset" 602
"C:/Unreal Projects/Repositories/MazeGame/MazeGame/Content/MazeGame/Characters/MGHero/ChameraShakes/JumpCameraShakeB.uexp" 603
"C:/Unreal Projects/Repositories/MazeGame/MazeGame/Content/MazeGame/Characters/MGHero/ChameraShakes/JumpMatineeCameraShakeB.uasset" 604
"C:/Unreal Projects/Repositories/MazeGame/MazeGame/Content/MazeGame/Characters/MGHero/ChameraShakes/JumpMatineeCameraShakeB.uexp" 605
"C:/Unreal Projects/Repositories/MazeGame/MazeGame/Content/MazeGame/Characters/MGHero/GamepalyEffects/GE_HealthRegen.uasset" 606
"C:/Unreal Projects/Repositories/MazeGame/MazeGame/Content/MazeGame/Characters/MGHero/GamepalyEffects/GE_HealthRegen.uexp" 607
"C:/Unreal Projects/Repositories/MazeGame/MazeGame/Content/MazeGame/Characters/MGHero/ChameraShakes/LandCameraShake.uasset" 608
"C:/Unreal Projects/Repositories/MazeGame/MazeGame/Content/MazeGame/Characters/MGHero/ChameraShakes/LandCameraShake.uexp" 609
"C:/Unreal Projects/Repositories/MazeGame/MazeGame/Content/MazeGame/Characters/MGHero/ChameraShakes/LandMatineeCameraShake.uasset" 610
"C:/Unreal Projects/Repositories/MazeGame/MazeGame/Content/MazeGame/Characters/MGHero/ChameraShakes/LandMatineeCameraShake.uexp" 611
"C:/Unreal Projects/Repositories/MazeGame/MazeGame/Content/MazeGame/Characters/MGHero/ChameraShakes/JumpSprintCSA.uasset" 612
"C:/Unreal Projects/Repositories/MazeGame/MazeGame/Content/MazeGame/Characters/MGHero/ChameraShakes/JumpSprintCSA.uexp" 613
"C:/Unreal Projects/Repositories/MazeGame/MazeGame/Content/MazeGame/Characters/MGHero/ChameraShakes/JumpSprintMatineeCSA.uasset" 614
"C:/Unreal Projects/Repositories/MazeGame/MazeGame/Content/MazeGame/Characters/MGHero/ChameraShakes/JumpSprintMatineeCSA.uexp" 615
"C:/Unreal Projects/Repositories/MazeGame/MazeGame/Content/MazeGame/Characters/MGHero/ChameraShakes/JumpCameraShakeA.uasset" 616
"C:/Unreal Projects/Repositories/MazeGame/MazeGame/Content/MazeGame/Characters/MGHero/ChameraShakes/JumpCameraShakeA.uexp" 617
"C:/Unreal Projects/Repositories/MazeGame/MazeGame/Content/MazeGame/Characters/MGHero/ChameraShakes/JumpMatineeCameraShakeA.uasset" 618
"C:/Unreal Projects/Repositories/MazeGame/MazeGame/Content/MazeGame/Characters/MGHero/ChameraShakes/JumpMatineeCameraShakeA.uexp" 619
"C:/Unreal Projects/Repositories/MazeGame/MazeGame/Content/MazeGame/Characters/MGHero/ChameraShakes/WalkCameraShake.uasset" 620
"C:/Unreal Projects/Repositories/MazeGame/MazeGame/Content/MazeGame/Characters/MGHero/ChameraShakes/WalkCameraShake.uexp" 621
"C:/Unreal Projects/Repositories/MazeGame/MazeGame/Content/MazeGame/Characters/MGHero/ChameraShakes/WalkMatineeCameraShake.uasset" 622
"C:/Unreal Projects/Repositories/MazeGame/MazeGame/Content/MazeGame/Characters/MGHero/ChameraShakes/WalkMatineeCameraShake.uexp" 623
"C:/Unreal Projects/Repositories/MazeGame/MazeGame/Content/MazeGame/Characters/MGHero/GamepalyEffects/GE_MGHeroDefaultAttributes.uasset" 624
"C:/Unreal Projects/Repositories/MazeGame/MazeGame/Content/MazeGame/Characters/MGHero/GamepalyEffects/GE_MGHeroDefaultAttributes.uexp" 625
"C:/Unreal Projects/Repositories/MazeGame/MazeGame/Content/MazeGame/Characters/MGHero/BP_MGHeroCharacter.uasset" 626
"C:/Unreal Projects/Repositories/MazeGame/MazeGame/Content/MazeGame/Characters/MGHero/BP_MGHeroCharacter.uexp" 627
"C:/Unreal Projects/Repositories/MazeGame/MazeGame/Content/MazeGame/Characters/MGHero/Abilities/Sprint/GC_Sprint.uasset" 628
"C:/Unreal Projects/Repositories/MazeGame/MazeGame/Content/MazeGame/Characters/MGHero/Abilities/Sprint/GC_Sprint.uexp" 629
"C:/Unreal Projects/Repositories/MazeGame/MazeGame/Content/FirstPerson/Meshes/FirstPersonProjectileMaterial.uasset" 630
"C:/Unreal Projects/Repositories/MazeGame/MazeGame/Content/FirstPerson/Meshes/FirstPersonProjectileMaterial.uexp" 631
"C:/Unreal Projects/Repositories/MazeGame/MazeGame/Content/FirstPerson/Meshes/FirstPersonProjectileMesh.ubulk" 632
"C:/Unreal Projects/Repositories/MazeGame/MazeGame/Content/FirstPerson/Meshes/FirstPersonProjectileMesh.uasset" 633
"C:/Unreal Projects/Repositories/MazeGame/MazeGame/Content/FirstPerson/Meshes/FirstPersonProjectileMesh.uexp" 634
"C:/Unreal Projects/Repositories/MazeGame/MazeGame/Content/FirstPerson/FirstPersonBP/Blueprints/FirstPersonProjectile.uasset" 635
"C:/Unreal Projects/Repositories/MazeGame/MazeGame/Content/FirstPerson/FirstPersonBP/Blueprints/FirstPersonProjectile.uexp" 636
"C:/Unreal Projects/Repositories/MazeGame/MazeGame/Content/FirstPerson/Character/Mesh/SK_Mannequin_Arms_Skeleton.uasset" 637
"C:/Unreal Projects/Repositories/MazeGame/MazeGame/Content/FirstPerson/Character/Mesh/SK_Mannequin_Arms_Skeleton.uexp" 638
"C:/Unreal Projects/Repositories/MazeGame/MazeGame/Content/FirstPerson/Animations/FirstPerson_Fire.uasset" 639
"C:/Unreal Projects/Repositories/MazeGame/MazeGame/Content/FirstPerson/Animations/FirstPerson_Fire.uexp" 640
"C:/Unreal Projects/Repositories/MazeGame/MazeGame/Content/FirstPerson/Animations/FirstPersonFire_Montage.uasset" 641
"C:/Unreal Projects/Repositories/MazeGame/MazeGame/Content/FirstPerson/Animations/FirstPersonFire_Montage.uexp" 642
"C:/Unreal Projects/Repositories/MazeGame/MazeGame/Content/FirstPerson/FPWeapon/Mesh/SK_FPGun_Physics.uasset" 643
"C:/Unreal Projects/Repositories/MazeGame/MazeGame/Content/FirstPerson/FPWeapon/Mesh/SK_FPGun_Physics.uexp" 644
"C:/Unreal Projects/Repositories/MazeGame/MazeGame/Content/FirstPerson/FPWeapon/Mesh/SK_FPGun_Skeleton.uasset" 645
"C:/Unreal Projects/Repositories/MazeGame/MazeGame/Content/FirstPerson/FPWeapon/Mesh/SK_FPGun_Skeleton.uexp" 646
"C:/Unreal Projects/Repositories/MazeGame/MazeGame/Content/FirstPerson/FPWeapon/Materials/MaterialLayers/T_ML_Rubber_Blue_01_N.ubulk" 647
"C:/Unreal Projects/Repositories/MazeGame/MazeGame/Content/FirstPerson/FPWeapon/Materials/MaterialLayers/T_ML_Rubber_Blue_01_N.uasset" 648
"C:/Unreal Projects/Repositories/MazeGame/MazeGame/Content/FirstPerson/FPWeapon/Materials/MaterialLayers/T_ML_Rubber_Blue_01_N.uexp" 649
"C:/Unreal Projects/Repositories/MazeGame/MazeGame/Content/FirstPerson/FPWeapon/Materials/MaterialLayers/T_ML_Rubber_Blue_01_D.ubulk" 650
"C:/Unreal Projects/Repositories/MazeGame/MazeGame/Content/FirstPerson/FPWeapon/Materials/MaterialLayers/T_ML_Rubber_Blue_01_D.uasset" 651
"C:/Unreal Projects/Repositories/MazeGame/MazeGame/Content/FirstPerson/FPWeapon/Materials/MaterialLayers/T_ML_Rubber_Blue_01_D.uexp" 652
"C:/Unreal Projects/Repositories/MazeGame/MazeGame/Content/FirstPerson/FPWeapon/Materials/MaterialLayers/ML_GlossyBlack_Latex_UE4.uasset" 653
"C:/Unreal Projects/Repositories/MazeGame/MazeGame/Content/FirstPerson/FPWeapon/Materials/MaterialLayers/ML_GlossyBlack_Latex_UE4.uexp" 654
"../../../Engine/Content/Functions/Engine_MaterialFunctions02/Utility/BlendAngleCorrectedNormals.uasset" 655
"../../../Engine/Content/Functions/Engine_MaterialFunctions02/Utility/BlendAngleCorrectedNormals.uexp" 656
"../../../Engine/Content/Functions/MaterialLayerFunctions/MatLayerBlend_NormalBlend.uasset" 657
"../../../Engine/Content/Functions/MaterialLayerFunctions/MatLayerBlend_NormalBlend.uexp" 658
"C:/Unreal Projects/Repositories/MazeGame/MazeGame/Content/FirstPerson/FPWeapon/Textures/T_FPGun_M.ubulk" 659
"C:/Unreal Projects/Repositories/MazeGame/MazeGame/Content/FirstPerson/FPWeapon/Textures/T_FPGun_M.uasset" 660
"C:/Unreal Projects/Repositories/MazeGame/MazeGame/Content/FirstPerson/FPWeapon/Textures/T_FPGun_M.uexp" 661
"C:/Unreal Projects/Repositories/MazeGame/MazeGame/Content/FirstPerson/FPWeapon/Materials/MaterialLayers/ML_Plastic_Shiny_Beige.uasset" 662
"C:/Unreal Projects/Repositories/MazeGame/MazeGame/Content/FirstPerson/FPWeapon/Materials/MaterialLayers/ML_Plastic_Shiny_Beige.uexp" 663
"../../../Engine/Content/Functions/MaterialLayerFunctions/MatLayerBlend_Simple.uasset" 664
"../../../Engine/Content/Functions/MaterialLayerFunctions/MatLayerBlend_Simple.uexp" 665
"C:/Unreal Projects/Repositories/MazeGame/MazeGame/Content/FirstPerson/FPWeapon/Materials/MaterialLayers/T_ML_Aluminum01.ubulk" 666
"C:/Unreal Projects/Repositories/MazeGame/MazeGame/Content/FirstPerson/FPWeapon/Materials/MaterialLayers/T_ML_Aluminum01.uasset" 667
"C:/Unreal Projects/Repositories/MazeGame/MazeGame/Content/FirstPerson/FPWeapon/Materials/MaterialLayers/T_ML_Aluminum01.uexp" 668
"C:/Unreal Projects/Repositories/MazeGame/MazeGame/Content/FirstPerson/FPWeapon/Materials/MaterialLayers/T_ML_Aluminum01_N.ubulk" 669
"C:/Unreal Projects/Repositories/MazeGame/MazeGame/Content/FirstPerson/FPWeapon/Materials/MaterialLayers/T_ML_Aluminum01_N.uasset" 670
"C:/Unreal Projects/Repositories/MazeGame/MazeGame/Content/FirstPerson/FPWeapon/Materials/MaterialLayers/T_ML_Aluminum01_N.uexp" 671
"C:/Unreal Projects/Repositories/MazeGame/MazeGame/Content/FirstPerson/FPWeapon/Materials/MaterialLayers/ML_SoftMetal_UE4.uasset" 672
"C:/Unreal Projects/Repositories/MazeGame/MazeGame/Content/FirstPerson/FPWeapon/Materials/MaterialLayers/ML_SoftMetal_UE4.uexp" 673
"C:/Unreal Projects/Repositories/MazeGame/MazeGame/Content/FirstPerson/FPWeapon/Materials/MaterialLayers/ML_Screen.uasset" 674
"C:/Unreal Projects/Repositories/MazeGame/MazeGame/Content/FirstPerson/FPWeapon/Materials/MaterialLayers/ML_Screen.uexp" 675
"C:/Unreal Projects/Repositories/MazeGame/MazeGame/Content/FirstPerson/FPWeapon/Textures/T_FPGun_N.ubulk" 676
"C:/Unreal Projects/Repositories/MazeGame/MazeGame/Content/FirstPerson/FPWeapon/Textures/T_FPGun_N.uasset" 677
"C:/Unreal Projects/Repositories/MazeGame/MazeGame/Content/FirstPerson/FPWeapon/Textures/T_FPGun_N.uexp" 678
"C:/Unreal Projects/Repositories/MazeGame/MazeGame/Content/FirstPerson/FPWeapon/Materials/M_FPGun.uasset" 679
"C:/Unreal Projects/Repositories/MazeGame/MazeGame/Content/FirstPerson/FPWeapon/Materials/M_FPGun.uexp" 680
"C:/Unreal Projects/Repositories/MazeGame/MazeGame/Content/FirstPerson/FPWeapon/Mesh/SK_FPGun.uasset" 681
"C:/Unreal Projects/Repositories/MazeGame/MazeGame/Content/FirstPerson/FPWeapon/Mesh/SK_FPGun.uexp" 682
"C:/Unreal Projects/Repositories/MazeGame/MazeGame/Content/FirstPerson/Animations/FirstPerson_Idle.uasset" 683
"C:/Unreal Projects/Repositories/MazeGame/MazeGame/Content/FirstPerson/Animations/FirstPerson_Idle.uexp" 684
"C:/Unreal Projects/Repositories/MazeGame/MazeGame/Content/FirstPerson/Animations/FirstPerson_JumpLoop.uasset" 685
"C:/Unreal Projects/Repositories/MazeGame/MazeGame/Content/FirstPerson/Animations/FirstPerson_JumpLoop.uexp" 686
"C:/Unreal Projects/Repositories/MazeGame/MazeGame/Content/FirstPerson/Animations/FirstPerson_JumpEnd.uasset" 687
"C:/Unreal Projects/Repositories/MazeGame/MazeGame/Content/FirstPerson/Animations/FirstPerson_JumpEnd.uexp" 688
"C:/Unreal Projects/Repositories/MazeGame/MazeGame/Content/FirstPerson/Animations/FirstPerson_JumpStart.uasset" 689
"C:/Unreal Projects/Repositories/MazeGame/MazeGame/Content/FirstPerson/Animations/FirstPerson_JumpStart.uexp" 690
"C:/Unreal Projects/Repositories/MazeGame/MazeGame/Content/FirstPerson/Animations/FirstPerson_Run.uasset" 691
"C:/Unreal Projects/Repositories/MazeGame/MazeGame/Content/FirstPerson/Animations/FirstPerson_Run.uexp" 692
"C:/Unreal Projects/Repositories/MazeGame/MazeGame/Content/FirstPerson/Animations/FirstPerson_AnimBP.uasset" 693
"C:/Unreal Projects/Repositories/MazeGame/MazeGame/Content/FirstPerson/Animations/FirstPerson_AnimBP.uexp" 694
"C:/Unreal Projects/Repositories/MazeGame/MazeGame/Content/FirstPerson/Character/Mesh/SK_Mannequin_Arms_PhysicsAsset.uasset" 695
"C:/Unreal Projects/Repositories/MazeGame/MazeGame/Content/FirstPerson/Character/Mesh/SK_Mannequin_Arms_PhysicsAsset.uexp" 696
"C:/Unreal Projects/Repositories/MazeGame/MazeGame/Content/FirstPerson/Character/Textures/UE4_LOGO_CARD.ubulk" 697
"C:/Unreal Projects/Repositories/MazeGame/MazeGame/Content/FirstPerson/Character/Textures/UE4_LOGO_CARD.uasset" 698
"C:/Unreal Projects/Repositories/MazeGame/MazeGame/Content/FirstPerson/Character/Textures/UE4_LOGO_CARD.uexp" 699
"C:/Unreal Projects/Repositories/MazeGame/MazeGame/Content/FirstPerson/Character/Materials/MaterialLayers/ML_Plastic_Shiny_Beige_LOGO.uasset" 700
"C:/Unreal Projects/Repositories/MazeGame/MazeGame/Content/FirstPerson/Character/Materials/MaterialLayers/ML_Plastic_Shiny_Beige_LOGO.uexp" 701
"C:/Unreal Projects/Repositories/MazeGame/MazeGame/Content/FirstPerson/Character/Textures/UE4_Mannequin__normals.ubulk" 702
"C:/Unreal Projects/Repositories/MazeGame/MazeGame/Content/FirstPerson/Character/Textures/UE4_Mannequin__normals.uasset" 703
"C:/Unreal Projects/Repositories/MazeGame/MazeGame/Content/FirstPerson/Character/Textures/UE4_Mannequin__normals.uexp" 704
"C:/Unreal Projects/Repositories/MazeGame/MazeGame/Content/FirstPerson/Character/Materials/MaterialLayers/T_ML_Rubber_Blue_01_D.ubulk" 705
"C:/Unreal Projects/Repositories/MazeGame/MazeGame/Content/FirstPerson/Character/Materials/MaterialLayers/T_ML_Rubber_Blue_01_D.uasset" 706
"C:/Unreal Projects/Repositories/MazeGame/MazeGame/Content/FirstPerson/Character/Materials/MaterialLayers/T_ML_Rubber_Blue_01_D.uexp" 707
"C:/Unreal Projects/Repositories/MazeGame/MazeGame/Content/FirstPerson/Character/Materials/MaterialLayers/T_ML_Rubber_Blue_01_N.ubulk" 708
"C:/Unreal Projects/Repositories/MazeGame/MazeGame/Content/FirstPerson/Character/Materials/MaterialLayers/T_ML_Rubber_Blue_01_N.uasset" 709
"C:/Unreal Projects/Repositories/MazeGame/MazeGame/Content/FirstPerson/Character/Materials/MaterialLayers/T_ML_Rubber_Blue_01_N.uexp" 710
"C:/Unreal Projects/Repositories/MazeGame/MazeGame/Content/FirstPerson/Character/Materials/MaterialLayers/ML_GlossyBlack_Latex_UE4.uasset" 711
"C:/Unreal Projects/Repositories/MazeGame/MazeGame/Content/FirstPerson/Character/Materials/MaterialLayers/ML_GlossyBlack_Latex_UE4.uexp" 712
"C:/Unreal Projects/Repositories/MazeGame/MazeGame/Content/FirstPerson/Character/Textures/UE4_Mannequin_MAT_MASKA.ubulk" 713
"C:/Unreal Projects/Repositories/MazeGame/MazeGame/Content/FirstPerson/Character/Textures/UE4_Mannequin_MAT_MASKA.uasset" 714
"C:/Unreal Projects/Repositories/MazeGame/MazeGame/Content/FirstPerson/Character/Textures/UE4_Mannequin_MAT_MASKA.uexp" 715
"C:/Unreal Projects/Repositories/MazeGame/MazeGame/Content/FirstPerson/Character/Materials/MaterialLayers/T_ML_Aluminum01.ubulk" 716
"C:/Unreal Projects/Repositories/MazeGame/MazeGame/Content/FirstPerson/Character/Materials/MaterialLayers/T_ML_Aluminum01.uasset" 717
"C:/Unreal Projects/Repositories/MazeGame/MazeGame/Content/FirstPerson/Character/Materials/MaterialLayers/T_ML_Aluminum01.uexp" 718
"C:/Unreal Projects/Repositories/MazeGame/MazeGame/Content/FirstPerson/Character/Materials/MaterialLayers/T_ML_Aluminum01_N.ubulk" 719
"C:/Unreal Projects/Repositories/MazeGame/MazeGame/Content/FirstPerson/Character/Materials/MaterialLayers/T_ML_Aluminum01_N.uasset" 720
"C:/Unreal Projects/Repositories/MazeGame/MazeGame/Content/FirstPerson/Character/Materials/MaterialLayers/T_ML_Aluminum01_N.uexp" 721
"C:/Unreal Projects/Repositories/MazeGame/MazeGame/Content/FirstPerson/Character/Materials/MaterialLayers/ML_SoftMetal_UE4.uasset" 722
"C:/Unreal Projects/Repositories/MazeGame/MazeGame/Content/FirstPerson/Character/Materials/MaterialLayers/ML_SoftMetal_UE4.uexp" 723
"C:/Unreal Projects/Repositories/MazeGame/MazeGame/Content/FirstPerson/Character/Materials/MaterialLayers/ML_Plastic_Shiny_Beige.uasset" 724
"C:/Unreal Projects/Repositories/MazeGame/MazeGame/Content/FirstPerson/Character/Materials/MaterialLayers/ML_Plastic_Shiny_Beige.uexp" 725
"C:/Unreal Projects/Repositories/MazeGame/MazeGame/Content/FirstPerson/Character/Materials/M_UE4Man_Body.uasset" 726
"C:/Unreal Projects/Repositories/MazeGame/MazeGame/Content/FirstPerson/Character/Materials/M_UE4Man_Body.uexp" 727
"C:/Unreal Projects/Repositories/MazeGame/MazeGame/Content/FirstPerson/Character/Mesh/SK_Mannequin_Arms.uasset" 728
"C:/Unreal Projects/Repositories/MazeGame/MazeGame/Content/FirstPerson/Character/Mesh/SK_Mannequin_Arms.uexp" 729
"C:/Unreal Projects/Repositories/MazeGame/MazeGame/Content/FirstPerson/Audio/FirstPersonTemplateWeaponFire02.ubulk" 730
"C:/Unreal Projects/Repositories/MazeGame/MazeGame/Content/FirstPerson/Audio/FirstPersonTemplateWeaponFire02.uasset" 731
"C:/Unreal Projects/Repositories/MazeGame/MazeGame/Content/FirstPerson/Audio/FirstPersonTemplateWeaponFire02.uexp" 732
"C:/Unreal Projects/Repositories/MazeGame/MazeGame/Content/FirstPerson/FirstPersonBP/Blueprints/FirstPersonCharacter.uasset" 733
"C:/Unreal Projects/Repositories/MazeGame/MazeGame/Content/FirstPerson/FirstPersonBP/Blueprints/FirstPersonCharacter.uexp" 734
"C:/Unreal Projects/Repositories/MazeGame/MazeGame/Content/FirstPerson/Textures/FirstPersonCrosshair.uasset" 735
"C:/Unreal Projects/Repositories/MazeGame/MazeGame/Content/FirstPerson/Textures/FirstPersonCrosshair.uexp" 736
"C:/Unreal Projects/Repositories/MazeGame/MazeGame/Content/FirstPerson/FirstPersonBP/Blueprints/FirstPersonHUD.uasset" 737
"C:/Unreal Projects/Repositories/MazeGame/MazeGame/Content/FirstPerson/FirstPersonBP/Blueprints/FirstPersonHUD.uexp" 738
"C:/Unreal Projects/Repositories/MazeGame/MazeGame/Content/FirstPerson/FirstPersonBP/Blueprints/FirstPersonGameMode.uasset" 739
"C:/Unreal Projects/Repositories/MazeGame/MazeGame/Content/FirstPerson/FirstPersonBP/Blueprints/FirstPersonGameMode.uexp" 740
"../../../Engine/Content/EngineFonts/Faces/DroidSansMono.uexp" 741
"../../../Engine/Content/EngineFonts/Faces/DroidSansMono.uasset" 742
"../../../Engine/Content/EngineFonts/Faces/DroidSansMono.ufont" 743
"../../../Engine/Content/EngineFonts/DroidSansMono.uasset" 744
"../../../Engine/Content/EngineFonts/DroidSansMono.uexp" 745
"C:/Unreal Projects/Repositories/MazeGame/MazeGame/Content/MazeGame/UI/Widgets/WBP_MazeGenerationProgress.uasset" 746
"C:/Unreal Projects/Repositories/MazeGame/MazeGame/Content/MazeGame/UI/Widgets/WBP_MazeGenerationProgress.uexp" 747
"C:/Unreal Projects/Repositories/MazeGame/MazeGame/Content/MazeGame/UI/Widgets/Backups/WBP_PauseMenu_Backup.uasset" 748
"C:/Unreal Projects/Repositories/MazeGame/MazeGame/Content/MazeGame/UI/Widgets/Backups/WBP_PauseMenu_Backup.uexp" 749
"C:/Unreal Projects/Repositories/MazeGame/MazeGame/Content/MazeGame/UI/Widgets/Backups/WBP_MainMenu_Backup.uasset" 750
"C:/Unreal Projects/Repositories/MazeGame/MazeGame/Content/MazeGame/UI/Widgets/Backups/WBP_MainMenu_Backup.uexp" 751
"C:/Unreal Projects/Repositories/MazeGame/MazeGame/Content/MazeGame/UI/Textures/equipped.ubulk" 752
"C:/Unreal Projects/Repositories/MazeGame/MazeGame/Content/MazeGame/UI/Textures/equipped.uasset" 753
"C:/Unreal Projects/Repositories/MazeGame/MazeGame/Content/MazeGame/UI/Textures/equipped.uexp" 754
"C:/Unreal Projects/Repositories/MazeGame/MazeGame/Content/MazeGame/UI/Textures/1223.ubulk" 755
"C:/Unreal Projects/Repositories/MazeGame/MazeGame/Content/MazeGame/UI/Textures/1223.uasset" 756
"C:/Unreal Projects/Repositories/MazeGame/MazeGame/Content/MazeGame/UI/Textures/1223.uexp" 757
"C:/Unreal Projects/Repositories/MazeGame/MazeGame/Content/FirstPerson/Geometry/Meshes/1M_Cube.ubulk" 758
"C:/Unreal Projects/Repositories/MazeGame/MazeGame/Content/FirstPerson/Geometry/Meshes/1M_Cube.uasset" 759
"C:/Unreal Projects/Repositories/MazeGame/MazeGame/Content/FirstPerson/Geometry/Meshes/1M_Cube.uexp" 760
"C:/Unreal Projects/Repositories/MazeGame/MazeGame/Content/MazeGame/Maze/Walls/BP_MazeWallBase.uasset" 761
"C:/Unreal Projects/Repositories/MazeGame/MazeGame/Content/MazeGame/Maze/Walls/BP_MazeWallBase.uexp" 762
"C:/Unreal Projects/Repositories/MazeGame/MazeGame/Content/MazeGame/Maze/BP_HISM_Test.uasset" 763
"C:/Unreal Projects/Repositories/MazeGame/MazeGame/Content/MazeGame/Maze/BP_HISM_Test.uexp" 764
"../../../Engine/Content/EngineMaterials/DefaultDecalMaterial.uasset" 765
"../../../Engine/Content/EngineMaterials/DefaultDecalMaterial.uexp" 766
"C:/Unreal Projects/Repositories/MazeGame/MazeGame/Content/MazeGame/Maze/InstancedMeshActors/SM_MazeWallBase_500x500.uasset" 767
"C:/Unreal Projects/Repositories/MazeGame/MazeGame/Content/MazeGame/Maze/InstancedMeshActors/SM_MazeWallBase_500x500.uexp" 768
"C:/Unreal Projects/Repositories/MazeGame/MazeGame/Content/MazeGame/Maze/SM_MazeWallBase_500x500.uasset" 769
"C:/Unreal Projects/Repositories/MazeGame/MazeGame/Content/MazeGame/Maze/SM_MazeWallBase_500x500.uexp" 770
"C:/Unreal Projects/Repositories/MazeGame/MazeGame/Content/MazeGame/Maze/Walls/Meshes/Acrylic_Render__1_.uasset" 771
"C:/Unreal Projects/Repositories/MazeGame/MazeGame/Content/MazeGame/Maze/Walls/Meshes/Acrylic_Render__1_.uexp" 772
"C:/Unreal Projects/Repositories/MazeGame/MazeGame/Content/MazeGame/Maze/Walls/Meshes/Material__21.uasset" 773
"C:/Unreal Projects/Repositories/MazeGame/MazeGame/Content/MazeGame/Maze/Walls/Meshes/Material__21.uexp" 774
"C:/Unreal Projects/Repositories/MazeGame/MazeGame/Content/MazeGame/Maze/Walls/Meshes/Material__21_Inst1.uasset" 775
"C:/Unreal Projects/Repositories/MazeGame/MazeGame/Content/MazeGame/Maze/Walls/Meshes/Material__21_Inst1.uexp" 776
"C:/Unreal Projects/Repositories/MazeGame/MazeGame/Content/MazeGame/Maze/Walls/Meshes/Material__21_Inst.uasset" 777
"C:/Unreal Projects/Repositories/MazeGame/MazeGame/Content/MazeGame/Maze/Walls/Meshes/Material__21_Inst.uexp" 778
"C:/Unreal Projects/Repositories/MazeGame/MazeGame/Content/MazeGame/Maze/Walls/Meshes/wall2v2.ubulk" 779
"C:/Unreal Projects/Repositories/MazeGame/MazeGame/Content/MazeGame/Maze/Walls/Meshes/wall2v2.uasset" 780
"C:/Unreal Projects/Repositories/MazeGame/MazeGame/Content/MazeGame/Maze/Walls/Meshes/wall2v2.uexp" 781
"C:/Unreal Projects/Repositories/MazeGame/MazeGame/Content/MazeGame/Maze/Walls/BP_WallHISM3.uasset" 782
"C:/Unreal Projects/Repositories/MazeGame/MazeGame/Content/MazeGame/Maze/Walls/BP_WallHISM3.uexp" 783
"C:/Unreal Projects/Repositories/MazeGame/MazeGame/Content/MazeGame/Maze/Walls/BP_MazeWall1.uasset" 784
"C:/Unreal Projects/Repositories/MazeGame/MazeGame/Content/MazeGame/Maze/Walls/BP_MazeWall1.uexp" 785
"C:/Unreal Projects/Repositories/MazeGame/MazeGame/Content/MazeGame/Maze/Walls/BP_WallHISM2.uasset" 786
"C:/Unreal Projects/Repositories/MazeGame/MazeGame/Content/MazeGame/Maze/Walls/BP_WallHISM2.uexp" 787
"C:/Unreal Projects/Repositories/MazeGame/MazeGame/Content/MazeGame/Maze/Walls/Meshes/wall1v2.ubulk" 788
"C:/Unreal Projects/Repositories/MazeGame/MazeGame/Content/MazeGame/Maze/Walls/Meshes/wall1v2.uasset" 789
"C:/Unreal Projects/Repositories/MazeGame/MazeGame/Content/MazeGame/Maze/Walls/Meshes/wall1v2.uexp" 790
"C:/Unreal Projects/Repositories/MazeGame/MazeGame/Content/MazeGame/Maze/Walls/BP_MazeWall0.uasset" 791
"C:/Unreal Projects/Repositories/MazeGame/MazeGame/Content/MazeGame/Maze/Walls/BP_MazeWall0.uexp" 792
"C:/Unreal Projects/Repositories/MazeGame/MazeGame/Content/MazeGame/Maze/Walls/BP_WallHISM1.uasset" 793
"C:/Unreal Projects/Repositories/MazeGame/MazeGame/Content/MazeGame/Maze/Walls/BP_WallHISM1.uexp" 794
"C:/Unreal Projects/Repositories/MazeGame/MazeGame/Content/MazeGame/Maze/Walls/Meshes/wall3v2.ubulk" 795
"C:/Unreal Projects/Repositories/MazeGame/MazeGame/Content/MazeGame/Maze/Walls/Meshes/wall3v2.uasset" 796
"C:/Unreal Projects/Repositories/MazeGame/MazeGame/Content/MazeGame/Maze/Walls/Meshes/wall3v2.uexp" 797
"C:/Unreal Projects/Repositories/MazeGame/MazeGame/Content/MazeGame/Maze/Walls/BP_MazeWall2.uasset" 798
"C:/Unreal Projects/Repositories/MazeGame/MazeGame/Content/MazeGame/Maze/Walls/BP_MazeWall2.uexp" 799
"C:/Unreal Projects/Repositories/MazeGame/MazeGame/Content/MazeGame/Maze/Walls/BP_WallHISM0.uasset" 800
"C:/Unreal Projects/Repositories/MazeGame/MazeGame/Content/MazeGame/Maze/Walls/BP_WallHISM0.uexp" 801
"C:/Unreal Projects/Repositories/MazeGame/MazeGame/Content/MazeGame/Maze/InstancedMeshActors/BP_CommonWallHISMActor.uasset" 802
"C:/Unreal Projects/Repositories/MazeGame/MazeGame/Content/MazeGame/Maze/InstancedMeshActors/BP_CommonWallHISMActor.uexp" 803
"C:/Unreal Projects/Repositories/MazeGame/MazeGame/Content/MazeGame/Maze/Floor/Meshes/granit_16__1_.uasset" 804
"C:/Unreal Projects/Repositories/MazeGame/MazeGame/Content/MazeGame/Maze/Floor/Meshes/granit_16__1_.uexp" 805
"C:/Unreal Projects/Repositories/MazeGame/MazeGame/Content/MazeGame/Maze/Floor/Meshes/Material__22.uasset" 806
"C:/Unreal Projects/Repositories/MazeGame/MazeGame/Content/MazeGame/Maze/Floor/Meshes/Material__22.uexp" 807
"C:/Unreal Projects/Repositories/MazeGame/MazeGame/Content/MazeGame/Maze/Floor/Meshes/Material__22_Inst1.uasset" 808
"C:/Unreal Projects/Repositories/MazeGame/MazeGame/Content/MazeGame/Maze/Floor/Meshes/Material__22_Inst1.uexp" 809
"C:/Unreal Projects/Repositories/MazeGame/MazeGame/Content/MazeGame/Maze/Floor/Meshes/Material__22_Inst.uasset" 810
"C:/Unreal Projects/Repositories/MazeGame/MazeGame/Content/MazeGame/Maze/Floor/Meshes/Material__22_Inst.uexp" 811
"C:/Unreal Projects/Repositories/MazeGame/MazeGame/Content/MazeGame/Data/ST_AbilititiesNames.uasset" 812
"C:/Unreal Projects/Repositories/MazeGame/MazeGame/Content/MazeGame/Data/ST_AbilititiesNames.uexp" 813
"C:/Unreal Projects/Repositories/MazeGame/MazeGame/Content/MazeGame/Data/ST_AbilitiesStats.uasset" 814
"C:/Unreal Projects/Repositories/MazeGame/MazeGame/Content/MazeGame/Data/ST_AbilitiesStats.uexp" 815
"C:/Unreal Projects/Repositories/MazeGame/MazeGame/Content/MazeGame/Data/ST_AbilitiesDescriptions.uasset" 816
"C:/Unreal Projects/Repositories/MazeGame/MazeGame/Content/MazeGame/Data/ST_AbilitiesDescriptions.uexp" 817
"C:/Unreal Projects/Repositories/MazeGame/MazeGame/Content/MazeGame/UI/Textures/coin.uasset" 818
"C:/Unreal Projects/Repositories/MazeGame/MazeGame/Content/MazeGame/UI/Textures/coin.uexp" 819
"C:/Unreal Projects/Repositories/MazeGame/MazeGame/Content/MazeGame/Data/DataTables/DT_RichTextDecorator.uasset" 820
"C:/Unreal Projects/Repositories/MazeGame/MazeGame/Content/MazeGame/Data/DataTables/DT_RichTextDecorator.uexp" 821
"C:/Unreal Projects/Repositories/MazeGame/MazeGame/Content/MazeGame/Characters/MGHero/Abilities/Scream/DT_ScreamStats.uasset" 822
"C:/Unreal Projects/Repositories/MazeGame/MazeGame/Content/MazeGame/Characters/MGHero/Abilities/Scream/DT_ScreamStats.uexp" 823
"C:/Unreal Projects/Repositories/MazeGame/MazeGame/Content/MazeGame/UI/Textures/Scream.ubulk" 824
"C:/Unreal Projects/Repositories/MazeGame/MazeGame/Content/MazeGame/UI/Textures/Scream.uasset" 825
"C:/Unreal Projects/Repositories/MazeGame/MazeGame/Content/MazeGame/UI/Textures/Scream.uexp" 826
"C:/Unreal Projects/Repositories/MazeGame/MazeGame/Content/MazeGame/Characters/MGHero/Abilities/GE_CostMeta.uasset" 827
"C:/Unreal Projects/Repositories/MazeGame/MazeGame/Content/MazeGame/Characters/MGHero/Abilities/GE_CostMeta.uexp" 828
"C:/Unreal Projects/Repositories/MazeGame/MazeGame/Content/MazeGame/Characters/MGHero/Abilities/GA_WithUIBase.uasset" 829
"C:/Unreal Projects/Repositories/MazeGame/MazeGame/Content/MazeGame/Characters/MGHero/Abilities/GA_WithUIBase.uexp" 830
"C:/Unreal Projects/Repositories/MazeGame/MazeGame/Content/MazeGame/Characters/MGHero/Abilities/GE_CooldownMeta.uasset" 831
"C:/Unreal Projects/Repositories/MazeGame/MazeGame/Content/MazeGame/Characters/MGHero/Abilities/GE_CooldownMeta.uexp" 832
"C:/Unreal Projects/Repositories/MazeGame/MazeGame/Content/MazeGame/Characters/MGHero/Abilities/Scream/GA_Scream.uasset" 833
"C:/Unreal Projects/Repositories/MazeGame/MazeGame/Content/MazeGame/Characters/MGHero/Abilities/Scream/GA_Scream.uexp" 834
"C:/Unreal Projects/Repositories/MazeGame/MazeGame/Content/MazeGame/UI/Textures/RaiseWalls.ubulk" 835
"C:/Unreal Projects/Repositories/MazeGame/MazeGame/Content/MazeGame/UI/Textures/RaiseWalls.uasset" 836
"C:/Unreal Projects/Repositories/MazeGame/MazeGame/Content/MazeGame/UI/Textures/RaiseWalls.uexp" 837
"C:/Unreal Projects/Repositories/MazeGame/MazeGame/Content/MazeGame/Characters/MGHero/Abilities/RaiseWalls/DT_RaiseWallsStats.uasset" 838
"C:/Unreal Projects/Repositories/MazeGame/MazeGame/Content/MazeGame/Characters/MGHero/Abilities/RaiseWalls/DT_RaiseWallsStats.uexp" 839
"C:/Unreal Projects/Repositories/MazeGame/MazeGame/Content/MazeGame/Characters/MGHero/Abilities/RaiseWalls/GA_RaiseWalls.uasset" 840
"C:/Unreal Projects/Repositories/MazeGame/MazeGame/Content/MazeGame/Characters/MGHero/Abilities/RaiseWalls/GA_RaiseWalls.uexp" 841
"C:/Unreal Projects/Repositories/MazeGame/MazeGame/Content/MazeGame/Data/DataTables/DT_Abilities.uasset" 842
"C:/Unreal Projects/Repositories/MazeGame/MazeGame/Content/MazeGame/Data/DataTables/DT_Abilities.uexp" 843
"C:/Unreal Projects/Repositories/MazeGame/MazeGame/Content/Developers/kiril/Collections/Tests/GE_DrainStamina.uasset" 844
"C:/Unreal Projects/Repositories/MazeGame/MazeGame/Content/Developers/kiril/Collections/Tests/GE_DrainStamina.uexp" 845
"C:/Unreal Projects/Repositories/MazeGame/MazeGame/Content/Developers/kiril/Collections/Tests/GE_AddStamina.uasset" 846
"C:/Unreal Projects/Repositories/MazeGame/MazeGame/Content/Developers/kiril/Collections/Tests/GE_AddStamina.uexp" 847
"C:/Unreal Projects/Repositories/MazeGame/MazeGame/Content/Developers/kiril/Collections/Tests/BP_Test_3.uasset" 848
"C:/Unreal Projects/Repositories/MazeGame/MazeGame/Content/Developers/kiril/Collections/Tests/BP_Test_3.uexp" 849
"C:/Unreal Projects/Repositories/MazeGame/MazeGame/Content/Developers/kiril/Collections/Tests/BP_Test_2.uasset" 850
"C:/Unreal Projects/Repositories/MazeGame/MazeGame/Content/Developers/kiril/Collections/Tests/BP_Test_2.uexp" 851
"../../../Engine/Plugins/Editor/SpeedTreeImporter/Content/SpeedTree9/game_wind_noise.ubulk" 852
"../../../Engine/Plugins/Editor/SpeedTreeImporter/Content/SpeedTree9/game_wind_noise.uasset" 853
"../../../Engine/Plugins/Editor/SpeedTreeImporter/Content/SpeedTree9/game_wind_noise.uexp" 854
"../../../Engine/Plugins/Editor/SpeedTreeImporter/Content/SpeedTree9/UnpackDirection.uasset" 855
"../../../Engine/Plugins/Editor/SpeedTreeImporter/Content/SpeedTree9/UnpackDirection.uexp" 856
"../../../Engine/Content/Functions/Engine_MaterialFunctions02/ObjectLocalBounds.uasset" 857
"../../../Engine/Content/Functions/Engine_MaterialFunctions02/ObjectLocalBounds.uexp" 858
"../../../Engine/Content/Functions/Engine_MaterialFunctions02/UVs/BoundingBoxBased_0-1_UVW.uasset" 859
"../../../Engine/Content/Functions/Engine_MaterialFunctions02/UVs/BoundingBoxBased_0-1_UVW.uexp" 860
"../../../Engine/Content/Functions/Engine_MaterialFunctions02/Utility/VectorLength.uasset" 861
"../../../Engine/Content/Functions/Engine_MaterialFunctions02/Utility/VectorLength.uexp" 862
"../../../Engine/Plugins/Editor/SpeedTreeImporter/Content/SpeedTree9/UnpackInteger3.uasset" 863
"../../../Engine/Plugins/Editor/SpeedTreeImporter/Content/SpeedTree9/UnpackInteger3.uexp" 864
"../../../Engine/Plugins/Editor/SpeedTreeImporter/Content/SpeedTree9/SpeedTreeCameraFacing.uasset" 865
"../../../Engine/Plugins/Editor/SpeedTreeImporter/Content/SpeedTree9/SpeedTreeCameraFacing.uexp" 866
"../../../Engine/Content/Functions/Engine_MaterialFunctions02/WorldPositionOffset/ObjectScale.uasset" 867
"../../../Engine/Content/Functions/Engine_MaterialFunctions02/WorldPositionOffset/ObjectScale.uexp" 868
"../../../Engine/Content/Functions/Engine_MaterialFunctions02/SafeNormalize.uasset" 869
"../../../Engine/Content/Functions/Engine_MaterialFunctions02/SafeNormalize.uexp" 870
"../../../Engine/Plugins/Editor/SpeedTreeImporter/Content/SpeedTree9/SpeedTreeWindMotion.uasset" 871
"../../../Engine/Plugins/Editor/SpeedTreeImporter/Content/SpeedTree9/SpeedTreeWindMotion.uexp" 872
"../../../Engine/Plugins/Editor/SpeedTreeImporter/Content/SpeedTree9/SpeedTreeBranchMotion.uasset" 873
"../../../Engine/Plugins/Editor/SpeedTreeImporter/Content/SpeedTree9/SpeedTreeBranchMotion.uexp" 874
"../../../Engine/Plugins/Editor/SpeedTreeImporter/Content/SpeedTree9/SpeedTreeWind.uasset" 875
"../../../Engine/Plugins/Editor/SpeedTreeImporter/Content/SpeedTree9/SpeedTreeWind.uexp" 876
"../../../Engine/Plugins/Editor/SpeedTreeImporter/Content/SpeedTree9/EmptyNormal.uasset" 877
"../../../Engine/Plugins/Editor/SpeedTreeImporter/Content/SpeedTree9/EmptyNormal.uexp" 878
"../../../Engine/Plugins/Editor/SpeedTreeImporter/Content/SpeedTree9/Empty.uasset" 879
"../../../Engine/Plugins/Editor/SpeedTreeImporter/Content/SpeedTree9/Empty.uexp" 880
"../../../Engine/Plugins/Editor/SpeedTreeImporter/Content/SpeedTree9/SpeedTreeMaster.uasset" 881
"../../../Engine/Plugins/Editor/SpeedTreeImporter/Content/SpeedTree9/SpeedTreeMaster.uexp" 882
"../../../Engine/Plugins/Editor/SpeedTreeImporter/Content/SpeedTree9/SpeedTreeBillboard.uasset" 883
"../../../Engine/Plugins/Editor/SpeedTreeImporter/Content/SpeedTree9/SpeedTreeBillboard.uexp" 884
"../../../Engine/Plugins/Editor/SpeedTreeImporter/Content/SpeedTree9/SpeedTreeBillboardMaster.uasset" 885
"../../../Engine/Plugins/Editor/SpeedTreeImporter/Content/SpeedTree9/SpeedTreeBillboardMaster.uexp" 886
"../../../Engine/Content/Maps/Entry_BuiltData.uasset" 887
"../../../Engine/Content/Maps/Entry_BuiltData.uexp" 888
"../../../Engine/Content/Maps/Entry.uexp" 889
"../../../Engine/Content/Maps/Entry.umap" 890
"../../../Engine/Content/EngineSky/C_Sky_Horizon_Color.uasset" 891
"../../../Engine/Content/EngineSky/C_Sky_Horizon_Color.uexp" 892
"../../../Engine/Content/EngineSky/T_Sky_Stars.ubulk" 893
"../../../Engine/Content/EngineSky/T_Sky_Stars.uasset" 894
"../../../Engine/Content/EngineSky/T_Sky_Stars.uexp" 895
"../../../Engine/Content/EngineSky/T_Sky_Clouds_M.ubulk" 896
"../../../Engine/Content/EngineSky/T_Sky_Clouds_M.uasset" 897
"../../../Engine/Content/EngineSky/T_Sky_Clouds_M.uexp" 898
"../../../Engine/Content/EngineSky/T_Sky_Blue.ubulk" 899
"../../../Engine/Content/EngineSky/T_Sky_Blue.uasset" 900
"../../../Engine/Content/EngineSky/T_Sky_Blue.uexp" 901
"../../../Engine/Content/EngineSky/M_Sky_Panning_Clouds2.uasset" 902
"../../../Engine/Content/EngineSky/M_Sky_Panning_Clouds2.uexp" 903
"../../../Engine/Content/EngineSky/SM_SkySphere.ubulk" 904
"../../../Engine/Content/EngineSky/SM_SkySphere.uasset" 905
"../../../Engine/Content/EngineSky/SM_SkySphere.uexp" 906
"../../../Engine/Content/EngineSky/C_Sky_Cloud_Color.uasset" 907
"../../../Engine/Content/EngineSky/C_Sky_Cloud_Color.uexp" 908
"../../../Engine/Content/EngineSky/C_Sky_Zenith_Color.uasset" 909
"../../../Engine/Content/EngineSky/C_Sky_Zenith_Color.uexp" 910
"../../../Engine/Content/EngineSky/BP_Sky_Sphere.uasset" 911
"../../../Engine/Content/EngineSky/BP_Sky_Sphere.uexp" 912
"C:/Unreal Projects/Repositories/MazeGame/MazeGame/Content/FirstPerson/FirstPersonBP/Maps/FirstPersonExampleMap_BuiltData.ubulk" 913
"C:/Unreal Projects/Repositories/MazeGame/MazeGame/Content/FirstPerson/FirstPersonBP/Maps/FirstPersonExampleMap_BuiltData.uasset" 914
"C:/Unreal Projects/Repositories/MazeGame/MazeGame/Content/FirstPerson/FirstPersonBP/Maps/FirstPersonExampleMap_BuiltData.uexp" 915
"../../../Engine/Content/EngineMeshes/Sphere.ubulk" 916
"../../../Engine/Content/EngineMeshes/Sphere.uasset" 917
"../../../Engine/Content/EngineMeshes/Sphere.uexp" 918
"../../../Engine/Content/EngineDebugMaterials/M_SimpleTranslucent.uasset" 919
"../../../Engine/Content/EngineDebugMaterials/M_SimpleTranslucent.uexp" 920
"C:/Unreal Projects/Repositories/MazeGame/MazeGame/Content/MazeGame/Maze/InstancedMeshActors/BP_CoinsHISMActor.uasset" 921
"C:/Unreal Projects/Repositories/MazeGame/MazeGame/Content/MazeGame/Maze/InstancedMeshActors/BP_CoinsHISMActor.uexp" 922
"../../../Engine/Content/BasicShapes/Cube.ubulk" 923
"../../../Engine/Content/BasicShapes/Cube.uasset" 924
"../../../Engine/Content/BasicShapes/Cube.uexp" 925
"../../../Engine/Content/BasicShapes/BasicShapeMaterial.uasset" 926
"../../../Engine/Content/BasicShapes/BasicShapeMaterial.uexp" 927
"C:/Unreal Projects/Repositories/MazeGame/MazeGame/Content/MazeGame/UI/MGHUD.uasset" 928
"C:/Unreal Projects/Repositories/MazeGame/MazeGame/Content/MazeGame/UI/MGHUD.uexp" 929
"C:/Unreal Projects/Repositories/MazeGame/MazeGame/Content/MazeGame/UI/Widgets/WBP_LoadingScreen.uasset" 930
"C:/Unreal Projects/Repositories/MazeGame/MazeGame/Content/MazeGame/UI/Widgets/WBP_LoadingScreen.uexp" 931
"C:/Unreal Projects/Repositories/MazeGame/MazeGame/Content/MazeGame/Core/MGPlayerController.uasset" 932
"C:/Unreal Projects/Repositories/MazeGame/MazeGame/Content/MazeGame/Core/MGPlayerController.uexp" 933
"C:/Unreal Projects/Repositories/MazeGame/MazeGame/Content/MazeGame/Core/TestGameMode.uasset" 934
"C:/Unreal Projects/Repositories/MazeGame/MazeGame/Content/MazeGame/Core/TestGameMode.uexp" 935
"C:/Unreal Projects/Repositories/MazeGame/MazeGame/Content/FirstPerson/FirstPersonBP/Maps/FirstPersonExampleMap.uexp" 936
"C:/Unreal Projects/Repositories/MazeGame/MazeGame/Content/FirstPerson/FirstPersonBP/Maps/FirstPersonExampleMap.umap" 937
"../../../Engine/Content/VREditor/BasicMeshes/T_CleanFloorGrunge_01_D.ubulk" 938
"../../../Engine/Content/VREditor/BasicMeshes/T_CleanFloorGrunge_01_D.uasset" 939
"../../../Engine/Content/VREditor/BasicMeshes/T_CleanFloorGrunge_01_D.uexp" 940
"../../../Engine/Content/VREditor/BasicMeshes/M_Floor_01.uasset" 941
"../../../Engine/Content/VREditor/BasicMeshes/M_Floor_01.uexp" 942
"../../../Engine/Content/VREditor/BasicMeshes/MI_Pyramid_01.uasset" 943
"../../../Engine/Content/VREditor/BasicMeshes/MI_Pyramid_01.uexp" 944
"C:/Unreal Projects/Repositories/MazeGame/MazeGame/Content/MazeGame/Characters/MGHero/GamepalyEffects/GE_AddEnergy.uasset" 945
"C:/Unreal Projects/Repositories/MazeGame/MazeGame/Content/MazeGame/Characters/MGHero/GamepalyEffects/GE_AddEnergy.uexp" 946
"../../../Engine/Content/BasicShapes/Sphere.ubulk" 947
"../../../Engine/Content/BasicShapes/Sphere.uasset" 948
"../../../Engine/Content/BasicShapes/Sphere.uexp" 949
"C:/Unreal Projects/Repositories/MazeGame/MazeGame/Content/MazeGame/Maze/Collectibles/BP_EnergyCollectibleHISM.uasset" 950
"C:/Unreal Projects/Repositories/MazeGame/MazeGame/Content/MazeGame/Maze/Collectibles/BP_EnergyCollectibleHISM.uexp" 951
"C:/Unreal Projects/Repositories/MazeGame/MazeGame/Content/MazeGame/Characters/MGHero/GamepalyEffects/GE_AddCoins.uasset" 952
"C:/Unreal Projects/Repositories/MazeGame/MazeGame/Content/MazeGame/Characters/MGHero/GamepalyEffects/GE_AddCoins.uexp" 953
"../../../Engine/Content/VREditor/LaserPointer/M_LaserPointer-Core.uasset" 954
"../../../Engine/Content/VREditor/LaserPointer/M_LaserPointer-Core.uexp" 955
"C:/Unreal Projects/Repositories/MazeGame/MazeGame/Content/MazeGame/Maze/Collectibles/BP_CoinsCollectibleHISM.uasset" 956
"C:/Unreal Projects/Repositories/MazeGame/MazeGame/Content/MazeGame/Maze/Collectibles/BP_CoinsCollectibleHISM.uexp" 957
"C:/Unreal Projects/Repositories/MazeGame/MazeGame/Content/MazeGame/Maze/Floor/Meshes/floorV2.ubulk" 958
"C:/Unreal Projects/Repositories/MazeGame/MazeGame/Content/MazeGame/Maze/Floor/Meshes/floorV2.uasset" 959
"C:/Unreal Projects/Repositories/MazeGame/MazeGame/Content/MazeGame/Maze/Floor/Meshes/floorV2.uexp" 960
"C:/Unreal Projects/Repositories/MazeGame/MazeGame/Content/MazeGame/Maze/Floor/BP_FloorHISM.uasset" 961
"C:/Unreal Projects/Repositories/MazeGame/MazeGame/Content/MazeGame/Maze/Floor/BP_FloorHISM.uexp" 962
"C:/Unreal Projects/Repositories/MazeGame/MazeGame/Content/MazeGame/Core/BP_MazeGenerationGameMode.uasset" 963
"C:/Unreal Projects/Repositories/MazeGame/MazeGame/Content/MazeGame/Core/BP_MazeGenerationGameMode.uexp" 964
"C:/Unreal Projects/Repositories/MazeGame/MazeGame/Content/MazeGame/Core/BP_MazeGenerator.uasset" 965
"C:/Unreal Projects/Repositories/MazeGame/MazeGame/Content/MazeGame/Core/BP_MazeGenerator.uexp" 966
"C:/Unreal Projects/Repositories/MazeGame/MazeGame/Content/MazeGame/Maze/Walls/Meshes/Material__21_Inst3.uasset" 967
"C:/Unreal Projects/Repositories/MazeGame/MazeGame/Content/MazeGame/Maze/Walls/Meshes/Material__21_Inst3.uexp" 968
"C:/Unreal Projects/Repositories/MazeGame/MazeGame/Content/MazeGame/Maze/Walls/Meshes/Material__21_Inst2.uasset" 969
"C:/Unreal Projects/Repositories/MazeGame/MazeGame/Content/MazeGame/Maze/Walls/Meshes/Material__21_Inst2.uexp" 970
"C:/Unreal Projects/Repositories/MazeGame/MazeGame/Content/MazeGame/Maze/InstancedMeshActors/BP_UnbreakableWallHISMActor.uasset" 971
"C:/Unreal Projects/Repositories/MazeGame/MazeGame/Content/MazeGame/Maze/InstancedMeshActors/BP_UnbreakableWallHISMActor.uexp" 972
"../../../Engine/Content/EditorLandscapeResources/MirrorPlaneMaterial.uasset" 973
"../../../Engine/Content/EditorLandscapeResources/MirrorPlaneMaterial.uexp" 974
"C:/Unreal Projects/Repositories/MazeGame/MazeGame/Content/MazeGame/UI/Widgets/Elements/WBP_RichTextBlock.uasset" 975
"C:/Unreal Projects/Repositories/MazeGame/MazeGame/Content/MazeGame/UI/Widgets/Elements/WBP_RichTextBlock.uexp" 976
"C:/Unreal Projects/Repositories/MazeGame/MazeGame/Content/MazeGame/UI/Widgets/Elements/WBP_AbilityTooltip.uasset" 977
"C:/Unreal Projects/Repositories/MazeGame/MazeGame/Content/MazeGame/UI/Widgets/Elements/WBP_AbilityTooltip.uexp" 978
"C:/Unreal Projects/Repositories/MazeGame/MazeGame/Content/MazeGame/UI/Widgets/Elements/WBP_AbilityIconWTooltip.uasset" 979
"C:/Unreal Projects/Repositories/MazeGame/MazeGame/Content/MazeGame/UI/Widgets/Elements/WBP_AbilityIconWTooltip.uexp" 980
"C:/Unreal Projects/Repositories/MazeGame/MazeGame/Content/MazeGame/UI/Widgets/WBP_LevelFinishedScreen.uasset" 981
"C:/Unreal Projects/Repositories/MazeGame/MazeGame/Content/MazeGame/UI/Widgets/WBP_LevelFinishedScreen.uexp" 982
"C:/Unreal Projects/Repositories/MazeGame/MazeGame/Content/MazeGame/Maze/BP_ExitlevelVolume.uasset" 983
"C:/Unreal Projects/Repositories/MazeGame/MazeGame/Content/MazeGame/Maze/BP_ExitlevelVolume.uexp" 984
"C:/Unreal Projects/Repositories/MazeGame/MazeGame/Content/MazeGame/UI/Widgets/3D/WBP_AbilityImage.uasset" 985
"C:/Unreal Projects/Repositories/MazeGame/MazeGame/Content/MazeGame/UI/Widgets/3D/WBP_AbilityImage.uexp" 986
"C:/Unreal Projects/Repositories/MazeGame/MazeGame/Content/MazeGame/Maze/Collectibles/BP_AbilityCollectible.uasset" 987
"C:/Unreal Projects/Repositories/MazeGame/MazeGame/Content/MazeGame/Maze/Collectibles/BP_AbilityCollectible.uexp" 988
"C:/Unreal Projects/Repositories/MazeGame/MazeGame/Content/MazeGame/Maps/MazeMap.uexp" 989
"C:/Unreal Projects/Repositories/MazeGame/MazeGame/Content/MazeGame/Maps/MazeMap.umap" 990
"../../../Engine/Content/TemplateResources/M_Template_Master.uasset" 991
"../../../Engine/Content/TemplateResources/M_Template_Master.uexp" 992
"../../../Engine/Content/TemplateResources/MI_Template_BaseGray_02_Metal.uasset" 993
"../../../Engine/Content/TemplateResources/MI_Template_BaseGray_02_Metal.uexp" 994
"../../../Engine/Content/MapTemplates/SM_Template_Map_Floor.ubulk" 995
"../../../Engine/Content/MapTemplates/SM_Template_Map_Floor.uasset" 996
"../../../Engine/Content/MapTemplates/SM_Template_Map_Floor.uexp" 997
"../../../Engine/Content/EngineMeshes/T_Mat_UnrealTech_01_D.ubulk" 998
"../../../Engine/Content/EngineMeshes/T_Mat_UnrealTech_01_D.uasset" 999
"../../../Engine/Content/EngineMeshes/T_Mat_UnrealTech_01_D.uexp" 1000
"../../../Engine/Content/EngineMeshes/M_Mat_UnrealTech.uasset" 1001
"../../../Engine/Content/EngineMeshes/M_Mat_UnrealTech.uexp" 1002
"../../../Engine/Content/EngineMeshes/SM_MatPreviewMesh_01.ubulk" 1003
"../../../Engine/Content/EngineMeshes/SM_MatPreviewMesh_01.uasset" 1004
"../../../Engine/Content/EngineMeshes/SM_MatPreviewMesh_01.uexp" 1005
"../../../Engine/Content/TemplateResources/MI_Template_BaseGray_03_Metal.uasset" 1006
"../../../Engine/Content/TemplateResources/MI_Template_BaseGray_03_Metal.uexp" 1007
"../../../Engine/Content/MapTemplates/TilingNoise05.ubulk" 1008
"../../../Engine/Content/MapTemplates/TilingNoise05.uasset" 1009
"../../../Engine/Content/MapTemplates/TilingNoise05.uexp" 1010
"../../../Engine/Content/Functions/Engine_MaterialFunctions02/SplitComponents.uasset" 1011
"../../../Engine/Content/Functions/Engine_MaterialFunctions02/SplitComponents.uexp" 1012
"../../../Engine/Content/EngineSky/M_AdvancedSkyDome.uasset" 1013
"../../../Engine/Content/EngineSky/M_AdvancedSkyDome.uexp" 1014
"C:/Unreal Projects/Repositories/MazeGame/MazeGame/Content/MazeGame/Maps/MainMenu.uexp" 1015
"C:/Unreal Projects/Repositories/MazeGame/MazeGame/Content/MazeGame/Maps/MainMenu.umap" 1016
"C:/Unreal Projects/Repositories/MazeGame/MazeGame/Content/MazeGame/UI/Widgets/BP_AbilityDragDrop.uasset" 1017
"C:/Unreal Projects/Repositories/MazeGame/MazeGame/Content/MazeGame/UI/Widgets/BP_AbilityDragDrop.uexp" 1018
"C:/Unreal Projects/Repositories/MazeGame/MazeGame/Content/MazeGame/UI/Widgets/Elements/WBP_DragAbilityUI.uasset" 1019
"C:/Unreal Projects/Repositories/MazeGame/MazeGame/Content/MazeGame/UI/Widgets/Elements/WBP_DragAbilityUI.uexp" 1020
"C:/Unreal Projects/Repositories/MazeGame/MazeGame/Content/MazeGame/UI/Widgets/Elements/WBP_AbilitySlot.uasset" 1021
"C:/Unreal Projects/Repositories/MazeGame/MazeGame/Content/MazeGame/UI/Widgets/Elements/WBP_AbilitySlot.uexp" 1022
"C:/Unreal Projects/Repositories/MazeGame/MazeGame/Content/MazeGame/UI/Widgets/WBP_RunSettings.uasset" 1023
"C:/Unreal Projects/Repositories/MazeGame/MazeGame/Content/MazeGame/UI/Widgets/WBP_RunSettings.uexp" 1024
"C:/Unreal Projects/Repositories/MazeGame/MazeGame/Content/MazeGame/Core/MGGameMode.uasset" 1025
"C:/Unreal Projects/Repositories/MazeGame/MazeGame/Content/MazeGame/Core/MGGameMode.uexp" 1026
"C:/Unreal Projects/Repositories/MazeGame/MazeGame/Content/Developers/kiril/Collections/Tests/WBP_Tutorial.uasset" 1027
"C:/Unreal Projects/Repositories/MazeGame/MazeGame/Content/Developers/kiril/Collections/Tests/WBP_Tutorial.uexp" 1028
"C:/Unreal Projects/Repositories/MazeGame/MazeGame/Content/Developers/kiril/Collections/Tests/WBP_Tutorial_2.uasset" 1029
"C:/Unreal Projects/Repositories/MazeGame/MazeGame/Content/Developers/kiril/Collections/Tests/WBP_Tutorial_2.uexp" 1030
"C:/Unreal Projects/Repositories/MazeGame/MazeGame/Content/Developers/kiril/Collections/Tests/BP_Tutor.uasset" 1031
"C:/Unreal Projects/Repositories/MazeGame/MazeGame/Content/Developers/kiril/Collections/Tests/BP_Tutor.uexp" 1032
"C:/Unreal Projects/Repositories/MazeGame/MazeGame/Content/Developers/kiril/Collections/Tests/GE_AddMaxHP.uasset" 1033
"C:/Unreal Projects/Repositories/MazeGame/MazeGame/Content/Developers/kiril/Collections/Tests/GE_AddMaxHP.uexp" 1034
"C:/Unreal Projects/Repositories/MazeGame/MazeGame/Content/Developers/kiril/Collections/Tests/BP_Test.uasset" 1035
"C:/Unreal Projects/Repositories/MazeGame/MazeGame/Content/Developers/kiril/Collections/Tests/BP_Test.uexp" 1036
"C:/Unreal Projects/Repositories/MazeGame/MazeGame/Content/MazeGame/UI/Widgets/Elements/WBP_AbilityUpgradeElement.uasset" 1037
"C:/Unreal Projects/Repositories/MazeGame/MazeGame/Content/MazeGame/UI/Widgets/Elements/WBP_AbilityUpgradeElement.uexp" 1038
"C:/Unreal Projects/Repositories/MazeGame/MazeGame/Content/MazeGame/UI/Widgets/WPB_ChooseAbilities.uasset" 1039
"C:/Unreal Projects/Repositories/MazeGame/MazeGame/Content/MazeGame/UI/Widgets/WPB_ChooseAbilities.uexp" 1040
"C:/Unreal Projects/Repositories/MazeGame/MazeGame/Content/MazeGame/Maps/Lobby.uexp" 1041
"C:/Unreal Projects/Repositories/MazeGame/MazeGame/Content/MazeGame/Maps/Lobby.umap" 1042
